{
"/var/www/html/webpack/spec.bundle.js":{"path":"/var/www/html/webpack/spec.bundle.js","s":{"1":1,"2":1,"3":1,"4":1,"5":1,"6":2,"7":1,"8":1},"b":{"1":[0,2],"2":[2,2]},"f":{"1":2},"fnMap":{"1":{"name":"_interopRequireDefault","line":11,"loc":{"start":{"line":0,"column":0},"end":{"line":0,"column":0},"skip":true},"skip":true}},"statementMap":{"1":{"start":{"line":1,"column":0},"end":{"line":1,"column":0}},"2":{"start":{"line":0,"column":0},"end":{"line":0,"column":0},"skip":true},"3":{"start":{"line":4,"column":0},"end":{"line":4,"column":0}},"4":{"start":{"line":0,"column":0},"end":{"line":0,"column":0},"skip":true},"5":{"start":{"line":0,"column":0},"end":{"line":0,"column":0},"skip":true},"6":{"start":{"line":0,"column":0},"end":{"line":0,"column":0},"skip":true},"7":{"start":{"line":6,"column":0},"end":{"line":6,"column":0}},"8":{"start":{"line":8,"column":0},"end":{"line":8,"column":0}}},"branchMap":{"1":{"line":11,"type":"cond-expr","locations":[{"start":{"line":0,"column":0},"end":{"line":0,"column":0},"skip":true},{"start":{"line":0,"column":0},"end":{"line":0,"column":0},"skip":true}]},"2":{"line":11,"type":"binary-expr","locations":[{"start":{"line":0,"column":0},"end":{"line":0,"column":0},"skip":true},{"start":{"line":0,"column":0},"end":{"line":0,"column":0},"skip":true}]}},"code":["import angular from 'angular';","","// Angular mocking","import mocks from 'angular-mocks';","","let context = require.context('./client/app', true, /\\.spec\\.js/);","","context.keys().forEach(context);",""],"l":{"0":2,"1":1,"4":1,"6":1,"8":1}},
"/var/www/html/webpack/client/app/components/leaderboard/leaderboard.js":{"path":"/var/www/html/webpack/client/app/components/leaderboard/leaderboard.js","s":{"1":1,"2":1,"3":1,"4":1,"5":1,"6":1,"7":1,"8":1,"9":1,"10":1,"11":1,"12":1,"13":1,"14":1,"15":6,"16":1,"17":10,"18":10,"19":1},"b":{"1":[3,3],"2":[6,6]},"f":{"1":6,"2":10},"fnMap":{"1":{"name":"_interopRequireDefault","line":31,"loc":{"start":{"line":0,"column":0},"end":{"line":0,"column":0},"skip":true},"skip":true},"2":{"name":"(anonymous_2)","line":33,"loc":{"start":{"line":15,"column":8},"end":{"line":15,"column":28}}}},"statementMap":{"1":{"start":{"line":0,"column":0},"end":{"line":0,"column":0},"skip":true},"2":{"start":{"line":1,"column":0},"end":{"line":1,"column":0}},"3":{"start":{"line":0,"column":0},"end":{"line":0,"column":0},"skip":true},"4":{"start":{"line":2,"column":0},"end":{"line":2,"column":0}},"5":{"start":{"line":0,"column":0},"end":{"line":0,"column":0},"skip":true},"6":{"start":{"line":3,"column":0},"end":{"line":3,"column":0}},"7":{"start":{"line":0,"column":0},"end":{"line":0,"column":0},"skip":true},"8":{"start":{"line":4,"column":0},"end":{"line":4,"column":0}},"9":{"start":{"line":0,"column":0},"end":{"line":0,"column":0},"skip":true},"10":{"start":{"line":5,"column":0},"end":{"line":5,"column":0}},"11":{"start":{"line":0,"column":0},"end":{"line":0,"column":0},"skip":true},"12":{"start":{"line":6,"column":0},"end":{"line":6,"column":0}},"13":{"start":{"line":0,"column":0},"end":{"line":0,"column":0},"skip":true},"14":{"start":{"line":0,"column":0},"end":{"line":0,"column":0},"skip":true},"15":{"start":{"line":0,"column":0},"end":{"line":0,"column":0},"skip":true},"16":{"start":{"line":8,"column":0},"end":{"line":8,"column":0}},"17":{"start":{"line":16,"column":2},"end":{"line":16,"column":2}},"18":{"start":{"line":17,"column":2},"end":{"line":17,"column":2}},"19":{"start":{"line":0,"column":0},"end":{"line":0,"column":0},"skip":true}},"branchMap":{"1":{"line":31,"type":"cond-expr","locations":[{"start":{"line":0,"column":0},"end":{"line":0,"column":0},"skip":true},{"start":{"line":0,"column":0},"end":{"line":0,"column":0},"skip":true}]},"2":{"line":31,"type":"binary-expr","locations":[{"start":{"line":0,"column":0},"end":{"line":0,"column":0},"skip":true},{"start":{"line":0,"column":0},"end":{"line":0,"column":0},"skip":true}]}},"code":["import angular from 'angular';","import uiRouter from 'angular-ui-router';","import leaderboardComponent from './leaderboard.component';","import Services from '../../services/services';","import ngCache from 'angular-cache';","import toastr from 'angular-toastr';","","let leaderboardModule = angular.module('leaderboard', [","  uiRouter,","  ngCache,","  toastr,","  Services","])","",".config(($stateProvider) => {","  \"ngInject\";","  $stateProvider","    .state('leaderboard', {","      url: '/leaderboard',","      component: 'leaderboard',","      redirectTo: 'leaderboard.main',","    })","    .state('leaderboard.main', {","      url: '/',","      templateUrl: 'app/components/leaderboard/views/leaderboard.main.html',","    })","    .state('leaderboard.new-moons', {","      url: '/new-moons',","      templateUrl: 'app/components/leaderboard/views/leaderboard.new-moons.html',","    });","})","",".component('leaderboard', leaderboardComponent)","",".name;","","export default leaderboardModule;",""],"l":{"0":6,"1":1,"2":1,"3":1,"4":1,"5":1,"6":1,"8":1,"16":10,"17":10}},
"/var/www/html/webpack/client/app/components/leaderboard/leaderboard.component.js":{"path":"/var/www/html/webpack/client/app/components/leaderboard/leaderboard.component.js","s":{"1":1,"2":1,"3":1,"4":1,"5":1,"6":1,"7":1,"8":2,"9":1,"10":1},"b":{"1":[1,1],"2":[2,2]},"f":{"1":2},"fnMap":{"1":{"name":"_interopRequireDefault","line":17,"loc":{"start":{"line":0,"column":0},"end":{"line":0,"column":0},"skip":true},"skip":true}},"statementMap":{"1":{"start":{"line":0,"column":0},"end":{"line":0,"column":0},"skip":true},"2":{"start":{"line":1,"column":0},"end":{"line":1,"column":0}},"3":{"start":{"line":0,"column":0},"end":{"line":0,"column":0},"skip":true},"4":{"start":{"line":2,"column":0},"end":{"line":2,"column":0}},"5":{"start":{"line":0,"column":0},"end":{"line":0,"column":0},"skip":true},"6":{"start":{"line":3,"column":0},"end":{"line":3,"column":0}},"7":{"start":{"line":0,"column":0},"end":{"line":0,"column":0},"skip":true},"8":{"start":{"line":0,"column":0},"end":{"line":0,"column":0},"skip":true},"9":{"start":{"line":5,"column":0},"end":{"line":5,"column":0}},"10":{"start":{"line":0,"column":0},"end":{"line":0,"column":0},"skip":true}},"branchMap":{"1":{"line":17,"type":"cond-expr","locations":[{"start":{"line":0,"column":0},"end":{"line":0,"column":0},"skip":true},{"start":{"line":0,"column":0},"end":{"line":0,"column":0},"skip":true}]},"2":{"line":17,"type":"binary-expr","locations":[{"start":{"line":0,"column":0},"end":{"line":0,"column":0},"skip":true},{"start":{"line":0,"column":0},"end":{"line":0,"column":0},"skip":true}]}},"code":["import template from './leaderboard.html';","import controller from './leaderboard.controller';","import './leaderboard.scss';","","let leaderboardComponent = {","  restrict: 'E',","  bindings: {},","  template,","  controller,","  controllerAs: 'vm'","};","","export default leaderboardComponent;",""],"l":{"0":2,"1":1,"2":1,"3":1,"5":1}},
"/var/www/html/webpack/client/app/components/leaderboard/leaderboard.controller.js":{"path":"/var/www/html/webpack/client/app/components/leaderboard/leaderboard.controller.js","s":{"1":1,"2":1,"3":1,"4":1,"5":1,"6":1,"7":1,"8":1,"9":3,"10":1,"11":1,"12":9,"13":9,"14":9,"15":9,"16":9,"17":9,"18":9,"19":9,"20":9,"21":9,"22":9,"23":9,"24":34,"25":9,"26":9,"27":1,"28":12,"29":2,"30":2,"31":2,"32":1,"33":1,"34":0,"35":1,"36":1,"37":1,"38":1,"39":40,"40":40,"41":1,"42":2,"43":2,"44":1,"45":1,"46":0,"47":3,"48":3,"49":1,"50":1,"51":1,"52":1,"53":63,"54":63,"55":1,"56":0,"57":5,"58":5,"59":3,"60":3,"61":2,"62":2,"63":1,"64":1,"65":1,"66":1,"67":0,"68":1,"69":0,"70":0,"71":0,"72":1,"73":1},"b":{"1":[3,0],"2":[3,3],"3":[2,1],"4":[1,0],"5":[1,0],"6":[63,15],"7":[3,2],"8":[1,1],"9":[1,0],"10":[0,0]},"f":{"1":3,"2":1,"3":9,"4":34,"5":9,"6":12,"7":0,"8":1,"9":40,"10":2,"11":1,"12":1,"13":0,"14":3,"15":1,"16":63,"17":0,"18":5,"19":2,"20":0,"21":0},"fnMap":{"1":{"name":"_interopRequireDefault","line":19,"loc":{"start":{"line":0,"column":0},"end":{"line":0,"column":0},"skip":true},"skip":true},"2":{"name":"(anonymous_2)","line":21,"loc":{"start":{"line":0,"column":0},"end":{"line":0,"column":0},"skip":true},"skip":true},"3":{"name":"LeaderboardController","line":22,"loc":{"start":{"line":2,"column":2},"end":{"line":2,"column":65}}},"4":{"name":"(anonymous_4)","line":40,"loc":{"start":{"line":17,"column":18},"end":{"line":17,"column":18}}},"5":{"name":"(anonymous_5)","line":42,"loc":{"start":{"line":17,"column":45},"end":{"line":17,"column":59}}},"6":{"name":"init","line":51,"loc":{"start":{"line":0,"column":0},"end":{"line":0,"column":0},"skip":true},"skip":true},"7":{"name":"setSort","line":65,"loc":{"start":{"line":0,"column":0},"end":{"line":0,"column":0},"skip":true},"skip":true},"8":{"name":"sort","line":70,"loc":{"start":{"line":0,"column":0},"end":{"line":0,"column":0},"skip":true},"skip":true},"9":{"name":"(anonymous_9)","line":75,"loc":{"start":{"line":46,"column":27},"end":{"line":46,"column":41}}},"10":{"name":"getLeaderboard","line":85,"loc":{"start":{"line":0,"column":0},"end":{"line":0,"column":0},"skip":true},"skip":true},"11":{"name":"(anonymous_11)","line":88,"loc":{"start":{"line":57,"column":12},"end":{"line":57,"column":12}}},"12":{"name":"(anonymous_12)","line":90,"loc":{"start":{"line":58,"column":12},"end":{"line":58,"column":12}}},"13":{"name":"(anonymous_13)","line":92,"loc":{"start":{"line":59,"column":13},"end":{"line":59,"column":13}}},"14":{"name":"loadNewMoons","line":98,"loc":{"start":{"line":0,"column":0},"end":{"line":0,"column":0},"skip":true},"skip":true},"15":{"name":"(anonymous_15)","line":101,"loc":{"start":{"line":64,"column":12},"end":{"line":64,"column":26}}},"16":{"name":"(anonymous_16)","line":105,"loc":{"start":{"line":68,"column":44},"end":{"line":68,"column":58}}},"17":{"name":"(anonymous_17)","line":111,"loc":{"start":{"line":75,"column":13},"end":{"line":75,"column":13}}},"18":{"name":"getLeaderboardMoons","line":117,"loc":{"start":{"line":0,"column":0},"end":{"line":0,"column":0},"skip":true},"skip":true},"19":{"name":"(anonymous_19)","line":125,"loc":{"start":{"line":85,"column":12},"end":{"line":85,"column":26}}},"20":{"name":"(anonymous_20)","line":135,"loc":{"start":{"line":98,"column":13},"end":{"line":98,"column":13}}},"21":{"name":"selectNewMoon","line":141,"loc":{"start":{"line":0,"column":0},"end":{"line":0,"column":0},"skip":true},"skip":true}},"statementMap":{"1":{"start":{"line":0,"column":0},"end":{"line":0,"column":0},"skip":true},"2":{"start":{"line":0,"column":0},"end":{"line":0,"column":0},"skip":true},"3":{"start":{"line":0,"column":0},"end":{"line":0,"column":0},"skip":true},"4":{"start":{"line":0,"column":0},"end":{"line":0,"column":0},"skip":true},"5":{"start":{"line":0,"column":0},"end":{"line":0,"column":0},"skip":true},"6":{"start":{"line":0,"column":0},"end":{"line":0,"column":0},"skip":true},"7":{"start":{"line":0,"column":0},"end":{"line":0,"column":0},"skip":true},"8":{"start":{"line":0,"column":0},"end":{"line":0,"column":0},"skip":true},"9":{"start":{"line":0,"column":0},"end":{"line":0,"column":0},"skip":true},"10":{"start":{"line":0,"column":0},"end":{"line":0,"column":0},"skip":true},"11":{"start":{"line":2,"column":2},"end":{"line":22,"column":3}},"12":{"start":{"line":3,"column":4},"end":{"line":3,"column":4}},"13":{"start":{"line":2,"column":65},"end":{"line":2,"column":65}},"14":{"start":{"line":2,"column":65},"end":{"line":2,"column":65}},"15":{"start":{"line":5,"column":4},"end":{"line":5,"column":4}},"16":{"start":{"line":6,"column":4},"end":{"line":6,"column":4}},"17":{"start":{"line":7,"column":4},"end":{"line":7,"column":4}},"18":{"start":{"line":9,"column":4},"end":{"line":9,"column":4}},"19":{"start":{"line":12,"column":4},"end":{"line":12,"column":4}},"20":{"start":{"line":13,"column":4},"end":{"line":13,"column":4}},"21":{"start":{"line":14,"column":4},"end":{"line":14,"column":4}},"22":{"start":{"line":15,"column":4},"end":{"line":15,"column":4}},"23":{"start":{"line":17,"column":4},"end":{"line":17,"column":4}},"24":{"start":{"line":17,"column":18},"end":{"line":17,"column":18}},"25":{"start":{"line":18,"column":6},"end":{"line":18,"column":6}},"26":{"start":{"line":20,"column":6},"end":{"line":20,"column":6}},"27":{"start":{"line":0,"column":0},"end":{"line":0,"column":0},"skip":true},"28":{"start":{"line":25,"column":4},"end":{"line":25,"column":4}},"29":{"start":{"line":27,"column":8},"end":{"line":27,"column":8}},"30":{"start":{"line":28,"column":8},"end":{"line":28,"column":8}},"31":{"start":{"line":29,"column":8},"end":{"line":29,"column":8}},"32":{"start":{"line":32,"column":8},"end":{"line":32,"column":8}},"33":{"start":{"line":33,"column":8},"end":{"line":33,"column":8}},"34":{"start":{"line":38,"column":4},"end":{"line":38,"column":4}},"35":{"start":{"line":42,"column":4},"end":{"line":42,"column":34}},"36":{"start":{"line":42,"column":34},"end":{"line":42,"column":34}},"37":{"start":{"line":45,"column":4},"end":{"line":50,"column":5}},"38":{"start":{"line":46,"column":6},"end":{"line":46,"column":6}},"39":{"start":{"line":47,"column":8},"end":{"line":47,"column":8}},"40":{"start":{"line":48,"column":8},"end":{"line":48,"column":8}},"41":{"start":{"line":52,"column":4},"end":{"line":52,"column":4}},"42":{"start":{"line":55,"column":19},"end":{"line":55,"column":19}},"43":{"start":{"line":56,"column":4},"end":{"line":56,"column":4}},"44":{"start":{"line":57,"column":12},"end":{"line":57,"column":12}},"45":{"start":{"line":58,"column":12},"end":{"line":58,"column":12}},"46":{"start":{"line":59,"column":13},"end":{"line":59,"column":13}},"47":{"start":{"line":62,"column":17},"end":{"line":62,"column":17}},"48":{"start":{"line":63,"column":4},"end":{"line":63,"column":4}},"49":{"start":{"line":65,"column":8},"end":{"line":65,"column":8}},"50":{"start":{"line":66,"column":8},"end":{"line":66,"column":8}},"51":{"start":{"line":67,"column":8},"end":{"line":64,"column":26}},"52":{"start":{"line":68,"column":8},"end":{"line":68,"column":8}},"53":{"start":{"line":69,"column":10},"end":{"line":69,"column":10}},"54":{"start":{"line":70,"column":10},"end":{"line":70,"column":10}},"55":{"start":{"line":73,"column":8},"end":{"line":73,"column":8}},"56":{"start":{"line":75,"column":13},"end":{"line":75,"column":13}},"57":{"start":{"line":78,"column":28},"end":{"line":78,"column":28}},"58":{"start":{"line":79,"column":4},"end":{"line":82,"column":5}},"59":{"start":{"line":80,"column":6},"end":{"line":80,"column":6}},"60":{"start":{"line":81,"column":6},"end":{"line":81,"column":6}},"61":{"start":{"line":84,"column":4},"end":{"line":84,"column":4}},"62":{"start":{"line":86,"column":8},"end":{"line":96,"column":9}},"63":{"start":{"line":87,"column":10},"end":{"line":92,"column":15}},"64":{"start":{"line":88,"column":12},"end":{"line":88,"column":12}},"65":{"start":{"line":89,"column":12},"end":{"line":89,"column":12}},"66":{"start":{"line":90,"column":12},"end":{"line":90,"column":12}},"67":{"start":{"line":92,"column":15},"end":{"line":92,"column":15}},"68":{"start":{"line":95,"column":10},"end":{"line":95,"column":10}},"69":{"start":{"line":98,"column":13},"end":{"line":98,"column":13}},"70":{"start":{"line":102,"column":4},"end":{"line":104,"column":5}},"71":{"start":{"line":103,"column":6},"end":{"line":103,"column":6}},"72":{"start":{"line":0,"column":0},"end":{"line":0,"column":0},"skip":true},"73":{"start":{"line":0,"column":0},"end":{"line":0,"column":0},"skip":true}},"branchMap":{"1":{"line":19,"type":"cond-expr","locations":[{"start":{"line":0,"column":0},"end":{"line":0,"column":0},"skip":true},{"start":{"line":0,"column":0},"end":{"line":0,"column":0},"skip":true}]},"2":{"line":19,"type":"binary-expr","locations":[{"start":{"line":0,"column":0},"end":{"line":0,"column":0},"skip":true},{"start":{"line":0,"column":0},"end":{"line":0,"column":0},"skip":true}]},"3":{"line":52,"type":"switch","locations":[{"start":{"line":26,"column":6},"end":{"line":29,"column":8}},{"start":{"line":31,"column":6},"end":{"line":33,"column":8}}]},"4":{"line":71,"type":"if","locations":[{"start":{"line":42,"column":4},"end":{"line":42,"column":4}},{"start":{"line":42,"column":4},"end":{"line":42,"column":4}}]},"5":{"line":74,"type":"if","locations":[{"start":{"line":45,"column":4},"end":{"line":45,"column":4}},{"start":{"line":45,"column":4},"end":{"line":45,"column":4}}]},"6":{"line":107,"type":"binary-expr","locations":[{"start":{"line":70,"column":17},"end":{"line":70,"column":17}},{"start":{"line":70,"column":33},"end":{"line":70,"column":10}}]},"7":{"line":120,"type":"if","locations":[{"start":{"line":79,"column":4},"end":{"line":79,"column":4}},{"start":{"line":79,"column":4},"end":{"line":79,"column":4}}]},"8":{"line":126,"type":"if","locations":[{"start":{"line":86,"column":8},"end":{"line":86,"column":8}},{"start":{"line":86,"column":8},"end":{"line":86,"column":8}}]},"9":{"line":127,"type":"if","locations":[{"start":{"line":87,"column":10},"end":{"line":87,"column":10}},{"start":{"line":87,"column":10},"end":{"line":87,"column":10}}]},"10":{"line":142,"type":"if","locations":[{"start":{"line":102,"column":4},"end":{"line":102,"column":4}},{"start":{"line":102,"column":4},"end":{"line":102,"column":4}}]}},"code":["class LeaderboardController {","  constructor($scope, TowerFactory, MoonFactory, $state, toastr) {","    'ngInject';","","    this.TowerFactory = TowerFactory;","    this.MoonFactory = MoonFactory;","    this.toastr = toastr;","","    this.state = {","      view: $state.current.name,","    };","    this.leaderboard = [];","    this.selectedNewMoon = {};","    this.orderBy = 'claim_count';","    this.reverseOrder = false;","","    $scope.$watch(() => $state.current.name, (newValue) => {","      this.state.view = newValue;","","      this.init();","    });","  }","","  init() {","    switch (this.state.view) {","      case 'leaderboard.new-moons':","        this.loadNewMoons();","        this.getLeaderboardMoons();","        break;","","      case 'leaderboard.main':","        this.getLeaderboard();","        break;","    }","  }","","  setSort(property, asFloat) {","    this.sort(property, asFloat);","  }","","  sort(property, asFloat) {","    if (property == this.orderBy) this.reverseOrder = !this.reverseOrder;","","    // Parse as float if needed","    if (asFloat) {","      this.leaderboard.map(function(obj) {","        obj[property] = parseFloat(obj[property]);","        return obj;","      });","    }","","    this.orderBy = property;","  }","","  getLeaderboard() {","    this.TowerFactory.getLeaderboard()","      .then((response) => this.leaderboard = response.data)","      .then(() => this.sort(this.orderBy, true))","      .catch(error => console.log(error));","  }","","  loadNewMoons() {","    this.MoonFactory.getNewMoons()","      .then((response) => {","        let today = new Date();","        let date;","        let minimumDate = new Date('2015-08-15');            // Only get new moons after this date","        let newMoons = response.data.filter(function(obj) {","          date = new Date(obj.iso8601);","          return today > date && date > minimumDate;","        });","","        this.newMoons = newMoons;","      })","      .catch(error => console.log(error));","  }","","  getLeaderboardMoons(date) {","    if (!date) {","      this.leaderboard = [];","      return false;","    }","","    return this.TowerFactory.getLeaderboardMoons(date)","      .then((response) => {","        if (response.data.response) {","          if (response.data.response.statusCode == 404) {","            this.state.error = response.data.response.body.error;","            this.toastr.error(response.data.response.body.error.message);","            this.leaderboard = [];","          }","          else return Promise.reject(response);","        }","        else {","          this.leaderboard = response.data;","        }","      })","      .catch(error => console.log(error));","  }","","  selectNewMoon() {","    if (this.selectedNewMoon) {","      this.getLeaderboardMoons(this.selectedNewMoon.iso8601);","    }","  }","","}","","export default LeaderboardController;",""],"l":{"0":3,"2":9,"3":9,"5":9,"6":9,"7":9,"9":9,"12":9,"13":9,"14":9,"15":9,"17":34,"18":9,"20":9,"25":12,"27":2,"28":2,"29":2,"32":1,"33":1,"38":0,"42":1,"45":1,"46":1,"47":40,"48":40,"52":1,"55":2,"56":2,"57":1,"58":1,"59":0,"62":3,"63":3,"65":1,"66":1,"67":1,"68":1,"69":63,"70":63,"73":1,"75":0,"78":5,"79":5,"80":3,"81":3,"84":2,"86":2,"87":1,"88":1,"89":1,"90":1,"92":0,"95":1,"98":0,"102":0,"103":0}},
"/var/www/html/webpack/client/app/services/services.js":{"path":"/var/www/html/webpack/client/app/services/services.js","s":{"1":1,"2":1,"3":1,"4":1,"5":1,"6":1,"7":1,"8":1,"9":1,"10":1,"11":1,"12":1,"13":1,"14":1,"15":1,"16":1,"17":1,"18":1,"19":1,"20":1,"21":1,"22":1,"23":1,"24":1,"25":1,"26":1,"27":1,"28":1,"29":13,"30":1,"31":1,"32":20,"33":9,"34":7,"35":0,"36":20},"b":{"1":[12,1],"2":[13,13]},"f":{"1":13,"2":1,"3":20,"4":9,"5":7,"6":0,"7":20},"fnMap":{"1":{"name":"_interopRequireDefault","line":59,"loc":{"start":{"line":0,"column":0},"end":{"line":0,"column":0},"skip":true},"skip":true},"2":{"name":"(anonymous_2)","line":61,"loc":{"start":{"line":19,"column":47},"end":{"line":19,"column":47}}},"3":{"name":"(anonymous_3)","line":63,"loc":{"start":{"line":20,"column":50},"end":{"line":20,"column":50}}},"4":{"name":"(anonymous_4)","line":65,"loc":{"start":{"line":21,"column":49},"end":{"line":21,"column":49}}},"5":{"name":"(anonymous_5)","line":67,"loc":{"start":{"line":22,"column":49},"end":{"line":22,"column":49}}},"6":{"name":"(anonymous_6)","line":69,"loc":{"start":{"line":23,"column":43},"end":{"line":23,"column":43}}},"7":{"name":"(anonymous_7)","line":71,"loc":{"start":{"line":24,"column":41},"end":{"line":24,"column":41}}}},"statementMap":{"1":{"start":{"line":0,"column":0},"end":{"line":0,"column":0},"skip":true},"2":{"start":{"line":1,"column":0},"end":{"line":1,"column":0}},"3":{"start":{"line":0,"column":0},"end":{"line":0,"column":0},"skip":true},"4":{"start":{"line":3,"column":0},"end":{"line":3,"column":0}},"5":{"start":{"line":0,"column":0},"end":{"line":0,"column":0},"skip":true},"6":{"start":{"line":4,"column":0},"end":{"line":4,"column":0}},"7":{"start":{"line":0,"column":0},"end":{"line":0,"column":0},"skip":true},"8":{"start":{"line":5,"column":0},"end":{"line":5,"column":0}},"9":{"start":{"line":0,"column":0},"end":{"line":0,"column":0},"skip":true},"10":{"start":{"line":6,"column":0},"end":{"line":6,"column":0}},"11":{"start":{"line":0,"column":0},"end":{"line":0,"column":0},"skip":true},"12":{"start":{"line":7,"column":0},"end":{"line":7,"column":0}},"13":{"start":{"line":0,"column":0},"end":{"line":0,"column":0},"skip":true},"14":{"start":{"line":8,"column":0},"end":{"line":8,"column":0}},"15":{"start":{"line":0,"column":0},"end":{"line":0,"column":0},"skip":true},"16":{"start":{"line":9,"column":0},"end":{"line":9,"column":0}},"17":{"start":{"line":0,"column":0},"end":{"line":0,"column":0},"skip":true},"18":{"start":{"line":10,"column":0},"end":{"line":10,"column":0}},"19":{"start":{"line":0,"column":0},"end":{"line":0,"column":0},"skip":true},"20":{"start":{"line":11,"column":0},"end":{"line":11,"column":0}},"21":{"start":{"line":0,"column":0},"end":{"line":0,"column":0},"skip":true},"22":{"start":{"line":12,"column":0},"end":{"line":12,"column":0}},"23":{"start":{"line":0,"column":0},"end":{"line":0,"column":0},"skip":true},"24":{"start":{"line":13,"column":0},"end":{"line":13,"column":0}},"25":{"start":{"line":0,"column":0},"end":{"line":0,"column":0},"skip":true},"26":{"start":{"line":14,"column":0},"end":{"line":14,"column":0}},"27":{"start":{"line":0,"column":0},"end":{"line":0,"column":0},"skip":true},"28":{"start":{"line":0,"column":0},"end":{"line":0,"column":0},"skip":true},"29":{"start":{"line":0,"column":0},"end":{"line":0,"column":0},"skip":true},"30":{"start":{"line":0,"column":0},"end":{"line":0,"column":0},"skip":true},"31":{"start":{"line":19,"column":47},"end":{"line":19,"column":47}},"32":{"start":{"line":20,"column":50},"end":{"line":20,"column":50}},"33":{"start":{"line":21,"column":49},"end":{"line":21,"column":49}},"34":{"start":{"line":22,"column":49},"end":{"line":22,"column":49}},"35":{"start":{"line":23,"column":43},"end":{"line":23,"column":43}},"36":{"start":{"line":24,"column":41},"end":{"line":24,"column":41}}},"branchMap":{"1":{"line":59,"type":"cond-expr","locations":[{"start":{"line":0,"column":0},"end":{"line":0,"column":0},"skip":true},{"start":{"line":0,"column":0},"end":{"line":0,"column":0},"skip":true}]},"2":{"line":59,"type":"binary-expr","locations":[{"start":{"line":0,"column":0},"end":{"line":0,"column":0},"skip":true},{"start":{"line":0,"column":0},"end":{"line":0,"column":0},"skip":true}]}},"code":["import angular from 'angular';","","import MeFactory from './me.factory';","import TowerFactory from './tower.factory';","import AchievementFactory from './achievement.factory';","import MoonFactory from './moon.factory';","import DataFactory from './data.factory';","import DataCache from './datacache.factory';","import ErrorFactory from './error.factory';","import AuthService from './auth.service';","import MapService from './map.service';","import DateService from './date.service';","import GraphFilter from './graph-filter.service';","import LanguageService from './language.service';","","export default angular","  .module('app.services', [])","","  .factory('MeFactory', ['$http', 'DataCache', ($http, DataCache) => new MeFactory($http, DataCache)])","  .factory('TowerFactory', ['$http', 'DataCache', ($http, DataCache) => new TowerFactory($http, DataCache)])","  .factory('MoonFactory', ['$http', 'DataCache', ($http, DataCache) => new MoonFactory($http, DataCache)])","  .factory('DataFactory', ['TowerFactory', '$q', (TowerFactory, $q) => new DataFactory(TowerFactory, $q)])","  .factory('AchievementFactory', ['$http', ($http) => new AchievementFactory($http)])","  .factory('DataCache', ['CacheFactory', (CacheFactory) => new DataCache(CacheFactory)])","  .factory('ErrorFactory', ErrorFactory)","  .service('AuthService', AuthService)","  .service('DateService', DateService)","  .service('MapService', MapService)","  .service('GraphFilter', GraphFilter)","  .service('LanguageService', LanguageService)","","  .name;",""],"l":{"0":13,"1":1,"3":1,"4":1,"5":1,"6":1,"7":1,"8":1,"9":1,"10":1,"11":1,"12":1,"13":1,"14":1,"19":1,"20":20,"21":9,"22":7,"23":0,"24":20}},
"/var/www/html/webpack/client/app/services/me.factory.js":{"path":"/var/www/html/webpack/client/app/services/me.factory.js","s":{"1":1,"2":1,"3":1,"4":1,"5":1,"6":1,"7":2,"8":1,"9":1,"10":1,"11":1,"12":1,"13":1,"14":1,"15":1,"16":1,"17":0,"18":1,"19":1,"20":1,"21":1},"b":{"1":[2,0],"2":[2,2],"3":[0,1],"4":[1,0]},"f":{"1":2,"2":1,"3":1,"4":1,"5":1},"fnMap":{"1":{"name":"_interopRequireDefault","line":15,"loc":{"start":{"line":0,"column":0},"end":{"line":0,"column":0},"skip":true},"skip":true},"2":{"name":"(anonymous_2)","line":17,"loc":{"start":{"line":0,"column":0},"end":{"line":0,"column":0},"skip":true},"skip":true},"3":{"name":"MeFactory","line":18,"loc":{"start":{"line":2,"column":2},"end":{"line":2,"column":32}}},"4":{"name":"getClaims","line":30,"loc":{"start":{"line":0,"column":0},"end":{"line":0,"column":0},"skip":true},"skip":true},"5":{"name":"getLatestClaimedTower","line":38,"loc":{"start":{"line":0,"column":0},"end":{"line":0,"column":0},"skip":true},"skip":true}},"statementMap":{"1":{"start":{"line":0,"column":0},"end":{"line":0,"column":0},"skip":true},"2":{"start":{"line":0,"column":0},"end":{"line":0,"column":0},"skip":true},"3":{"start":{"line":0,"column":0},"end":{"line":0,"column":0},"skip":true},"4":{"start":{"line":0,"column":0},"end":{"line":0,"column":0},"skip":true},"5":{"start":{"line":0,"column":0},"end":{"line":0,"column":0},"skip":true},"6":{"start":{"line":0,"column":0},"end":{"line":0,"column":0},"skip":true},"7":{"start":{"line":0,"column":0},"end":{"line":0,"column":0},"skip":true},"8":{"start":{"line":0,"column":0},"end":{"line":0,"column":0},"skip":true},"9":{"start":{"line":2,"column":2},"end":{"line":8,"column":3}},"10":{"start":{"line":2,"column":32},"end":{"line":2,"column":32}},"11":{"start":{"line":3,"column":4},"end":{"line":3,"column":4}},"12":{"start":{"line":4,"column":4},"end":{"line":4,"column":4}},"13":{"start":{"line":6,"column":4},"end":{"line":6,"column":4}},"14":{"start":{"line":7,"column":4},"end":{"line":7,"column":4}},"15":{"start":{"line":0,"column":0},"end":{"line":0,"column":0},"skip":true},"16":{"start":{"line":11,"column":4},"end":{"line":13,"column":5}},"17":{"start":{"line":12,"column":6},"end":{"line":12,"column":6}},"18":{"start":{"line":14,"column":4},"end":{"line":14,"column":4}},"19":{"start":{"line":18,"column":4},"end":{"line":18,"column":4}},"20":{"start":{"line":0,"column":0},"end":{"line":0,"column":0},"skip":true},"21":{"start":{"line":0,"column":0},"end":{"line":0,"column":0},"skip":true}},"branchMap":{"1":{"line":15,"type":"cond-expr","locations":[{"start":{"line":0,"column":0},"end":{"line":0,"column":0},"skip":true},{"start":{"line":0,"column":0},"end":{"line":0,"column":0},"skip":true}]},"2":{"line":15,"type":"binary-expr","locations":[{"start":{"line":0,"column":0},"end":{"line":0,"column":0},"skip":true},{"start":{"line":0,"column":0},"end":{"line":0,"column":0},"skip":true}]},"3":{"line":31,"type":"if","locations":[{"start":{"line":11,"column":4},"end":{"line":11,"column":4}},{"start":{"line":11,"column":4},"end":{"line":11,"column":4}}]},"4":{"line":31,"type":"binary-expr","locations":[{"start":{"line":11,"column":8},"end":{"line":11,"column":8}},{"start":{"line":11,"column":21},"end":{"line":11,"column":4}}]}},"code":["class MeFactory {","  constructor($http, DataCache) {","    this.$http = $http;","    this._DataCache = DataCache;","","    this.urlBase = '/api/me';","    this.dataCache = DataCache.get();","  }","","  getClaims(startDate, endDate) {","    if (startDate && endDate) {","      return this.$http.get(this.urlBase + '/' + startDate + '/' + endDate, { cache: this.dataCache });","    }","    return this.$http.get(this.urlBase, { cache: this.dataCache });","  }","","  getLatestClaimedTower() {","    return this.$http.get(this.urlBase + '/latest-claim');","  }","}","","export default MeFactory;",""],"l":{"0":2,"2":1,"3":1,"4":1,"6":1,"7":1,"11":1,"12":0,"14":1,"18":1}},
"/var/www/html/webpack/client/app/services/tower.factory.js":{"path":"/var/www/html/webpack/client/app/services/tower.factory.js","s":{"1":1,"2":1,"3":1,"4":1,"5":1,"6":1,"7":2,"8":1,"9":1,"10":1,"11":20,"12":20,"13":20,"14":20,"15":1,"16":7,"17":0,"18":7,"19":0,"20":2,"21":0,"22":2,"23":0,"24":0,"25":0,"26":2,"27":0,"28":2,"29":0,"30":0,"31":0,"32":0,"33":0,"34":1,"35":1},"b":{"1":[2,0],"2":[2,2],"3":[0,7],"4":[7,0],"5":[0,2],"6":[2,0],"7":[0,0],"8":[0,0],"9":[0,2],"10":[0,0],"11":[0,0]},"f":{"1":2,"2":1,"3":20,"4":7,"5":0,"6":2,"7":0,"8":2,"9":0,"10":0,"11":0},"fnMap":{"1":{"name":"_interopRequireDefault","line":15,"loc":{"start":{"line":0,"column":0},"end":{"line":0,"column":0},"skip":true},"skip":true},"2":{"name":"(anonymous_2)","line":19,"loc":{"start":{"line":0,"column":0},"end":{"line":0,"column":0},"skip":true},"skip":true},"3":{"name":"TowerFactory","line":20,"loc":{"start":{"line":5,"column":2},"end":{"line":5,"column":32}}},"4":{"name":"getTowers","line":30,"loc":{"start":{"line":0,"column":0},"end":{"line":0,"column":0},"skip":true},"skip":true},"5":{"name":"findById","line":38,"loc":{"start":{"line":0,"column":0},"end":{"line":0,"column":0},"skip":true},"skip":true},"6":{"name":"getLeaderboard","line":43,"loc":{"start":{"line":0,"column":0},"end":{"line":0,"column":0},"skip":true},"skip":true},"7":{"name":"getLeaderboardTowerBuilder","line":51,"loc":{"start":{"line":0,"column":0},"end":{"line":0,"column":0},"skip":true},"skip":true},"8":{"name":"getLeaderboardMoons","line":59,"loc":{"start":{"line":0,"column":0},"end":{"line":0,"column":0},"skip":true},"skip":true},"9":{"name":"getStats","line":66,"loc":{"start":{"line":0,"column":0},"end":{"line":0,"column":0},"skip":true},"skip":true},"10":{"name":"getTopLeaderboard","line":74,"loc":{"start":{"line":0,"column":0},"end":{"line":0,"column":0},"skip":true},"skip":true},"11":{"name":"getFirstInCountry","line":79,"loc":{"start":{"line":0,"column":0},"end":{"line":0,"column":0},"skip":true},"skip":true}},"statementMap":{"1":{"start":{"line":0,"column":0},"end":{"line":0,"column":0},"skip":true},"2":{"start":{"line":0,"column":0},"end":{"line":0,"column":0},"skip":true},"3":{"start":{"line":0,"column":0},"end":{"line":0,"column":0},"skip":true},"4":{"start":{"line":0,"column":0},"end":{"line":0,"column":0},"skip":true},"5":{"start":{"line":0,"column":0},"end":{"line":0,"column":0},"skip":true},"6":{"start":{"line":0,"column":0},"end":{"line":0,"column":0},"skip":true},"7":{"start":{"line":0,"column":0},"end":{"line":0,"column":0},"skip":true},"8":{"start":{"line":1,"column":0},"end":{"line":1,"column":0}},"9":{"start":{"line":0,"column":0},"end":{"line":0,"column":0},"skip":true},"10":{"start":{"line":5,"column":2},"end":{"line":9,"column":3}},"11":{"start":{"line":5,"column":32},"end":{"line":5,"column":32}},"12":{"start":{"line":6,"column":4},"end":{"line":6,"column":4}},"13":{"start":{"line":7,"column":4},"end":{"line":7,"column":4}},"14":{"start":{"line":8,"column":4},"end":{"line":8,"column":4}},"15":{"start":{"line":0,"column":0},"end":{"line":0,"column":0},"skip":true},"16":{"start":{"line":12,"column":4},"end":{"line":14,"column":5}},"17":{"start":{"line":13,"column":6},"end":{"line":13,"column":6}},"18":{"start":{"line":15,"column":4},"end":{"line":15,"column":4}},"19":{"start":{"line":19,"column":4},"end":{"line":19,"column":4}},"20":{"start":{"line":23,"column":4},"end":{"line":25,"column":5}},"21":{"start":{"line":24,"column":6},"end":{"line":24,"column":6}},"22":{"start":{"line":26,"column":4},"end":{"line":26,"column":4}},"23":{"start":{"line":30,"column":4},"end":{"line":32,"column":5}},"24":{"start":{"line":31,"column":6},"end":{"line":31,"column":6}},"25":{"start":{"line":33,"column":4},"end":{"line":33,"column":4}},"26":{"start":{"line":37,"column":4},"end":{"line":38,"column":6}},"27":{"start":{"line":38,"column":6},"end":{"line":38,"column":6}},"28":{"start":{"line":40,"column":4},"end":{"line":40,"column":4}},"29":{"start":{"line":44,"column":4},"end":{"line":46,"column":5}},"30":{"start":{"line":45,"column":6},"end":{"line":45,"column":6}},"31":{"start":{"line":47,"column":4},"end":{"line":47,"column":4}},"32":{"start":{"line":51,"column":4},"end":{"line":51,"column":4}},"33":{"start":{"line":55,"column":4},"end":{"line":55,"column":4}},"34":{"start":{"line":0,"column":0},"end":{"line":0,"column":0},"skip":true},"35":{"start":{"line":0,"column":0},"end":{"line":0,"column":0},"skip":true}},"branchMap":{"1":{"line":15,"type":"cond-expr","locations":[{"start":{"line":0,"column":0},"end":{"line":0,"column":0},"skip":true},{"start":{"line":0,"column":0},"end":{"line":0,"column":0},"skip":true}]},"2":{"line":15,"type":"binary-expr","locations":[{"start":{"line":0,"column":0},"end":{"line":0,"column":0},"skip":true},{"start":{"line":0,"column":0},"end":{"line":0,"column":0},"skip":true}]},"3":{"line":31,"type":"if","locations":[{"start":{"line":12,"column":4},"end":{"line":12,"column":4}},{"start":{"line":12,"column":4},"end":{"line":12,"column":4}}]},"4":{"line":31,"type":"binary-expr","locations":[{"start":{"line":12,"column":8},"end":{"line":12,"column":8}},{"start":{"line":12,"column":21},"end":{"line":12,"column":4}}]},"5":{"line":44,"type":"if","locations":[{"start":{"line":23,"column":4},"end":{"line":23,"column":4}},{"start":{"line":23,"column":4},"end":{"line":23,"column":4}}]},"6":{"line":44,"type":"binary-expr","locations":[{"start":{"line":23,"column":8},"end":{"line":23,"column":8}},{"start":{"line":23,"column":21},"end":{"line":23,"column":4}}]},"7":{"line":52,"type":"if","locations":[{"start":{"line":30,"column":4},"end":{"line":30,"column":4}},{"start":{"line":30,"column":4},"end":{"line":30,"column":4}}]},"8":{"line":52,"type":"binary-expr","locations":[{"start":{"line":30,"column":8},"end":{"line":30,"column":8}},{"start":{"line":30,"column":21},"end":{"line":30,"column":4}}]},"9":{"line":60,"type":"if","locations":[{"start":{"line":37,"column":4},"end":{"line":37,"column":4}},{"start":{"line":37,"column":4},"end":{"line":37,"column":4}}]},"10":{"line":67,"type":"if","locations":[{"start":{"line":44,"column":4},"end":{"line":44,"column":4}},{"start":{"line":44,"column":4},"end":{"line":44,"column":4}}]},"11":{"line":67,"type":"binary-expr","locations":[{"start":{"line":44,"column":8},"end":{"line":44,"column":8}},{"start":{"line":44,"column":21},"end":{"line":44,"column":4}}]}},"code":["const API_URL = '';","","class TowerFactory {","","  constructor($http, DataCache) {","    this.$http = $http;","    this.urlBase = '/api/towers';","    this.dataCache = DataCache.get();","  }","","  getTowers(startDate, endDate) {","    if (startDate && endDate) {","      return this.$http.get(API_URL + '/api/tower/all/' + startDate + '/' + endDate, { cache: this.dataCache });","    }","    return this.$http.get(API_URL + '/api/tower/all', { cache: this.dataCache });","  }","","  findById(id) {","    return this.$http.get(API_URL + '/api/tower/' + id, { cache: this.dataCache });","  }","","  getLeaderboard(startDate, endDate) {","    if (startDate && endDate) {","      return this.$http.get(API_URL + '/api/leaderboard/' + startDate + '/' + endDate, { cache: this.dataCache });","    }","    return this.$http.get(API_URL + '/api/leaderboard', { cache: this.dataCache });","  }","","  getLeaderboardTowerBuilder(startDate, endDate) {","    if (startDate && endDate) {","      return this.$http.get(API_URL + '/api/leaderboard/tower-builder/' + startDate + '/' + endDate, { cache: this.dataCache });","    }","    return this.$http.get(API_URL + '/api/leaderboard/tower-builder', { cache: this.dataCache });","  }","","  getLeaderboardMoons(date) {","    if (!date)","      return false;","","    return this.$http.get(API_URL + '/api/leaderboard/moons/' + date, { cache: this.dataCache });","  }","","  getStats(startDate, endDate) {","    if (startDate && endDate) {","      return this.$http.get(API_URL + '/api/tower/stats/' + startDate + '/' + endDate, { cache: this.dataCache });","    }","    return this.$http.get(API_URL + '/api/tower/stats', { cache: this.dataCache });","  }","","  getTopLeaderboard() {","    return this.$http.get(API_URL + '/api/leaderboard/top', { cache: this.dataCache });","  }","","  getFirstInCountry() {","    return this.$http.get(API_URL + '/api/hall-of-fame/first-tower', { cache: this.dataCache });","  }","","}","","export default TowerFactory;",""],"l":{"0":2,"1":1,"5":20,"6":20,"7":20,"8":20,"12":7,"13":0,"15":7,"19":0,"23":2,"24":0,"26":2,"30":0,"31":0,"33":0,"37":2,"38":0,"40":2,"44":0,"45":0,"47":0,"51":0,"55":0}},
"/var/www/html/webpack/client/app/services/achievement.factory.js":{"path":"/var/www/html/webpack/client/app/services/achievement.factory.js","s":{"1":1,"2":1,"3":1,"4":1,"5":1,"6":1,"7":2,"8":1,"9":1,"10":1,"11":0,"12":0,"13":1,"14":0,"15":0,"16":1,"17":1},"b":{"1":[2,0],"2":[2,2]},"f":{"1":2,"2":1,"3":0,"4":0,"5":0},"fnMap":{"1":{"name":"_interopRequireDefault","line":15,"loc":{"start":{"line":0,"column":0},"end":{"line":0,"column":0},"skip":true},"skip":true},"2":{"name":"(anonymous_2)","line":19,"loc":{"start":{"line":0,"column":0},"end":{"line":0,"column":0},"skip":true},"skip":true},"3":{"name":"AchievementFactory","line":20,"loc":{"start":{"line":5,"column":2},"end":{"line":5,"column":21}}},"4":{"name":"getAchievements","line":28,"loc":{"start":{"line":0,"column":0},"end":{"line":0,"column":0},"skip":true},"skip":true},"5":{"name":"refresh","line":36,"loc":{"start":{"line":0,"column":0},"end":{"line":0,"column":0},"skip":true},"skip":true}},"statementMap":{"1":{"start":{"line":0,"column":0},"end":{"line":0,"column":0},"skip":true},"2":{"start":{"line":0,"column":0},"end":{"line":0,"column":0},"skip":true},"3":{"start":{"line":0,"column":0},"end":{"line":0,"column":0},"skip":true},"4":{"start":{"line":0,"column":0},"end":{"line":0,"column":0},"skip":true},"5":{"start":{"line":0,"column":0},"end":{"line":0,"column":0},"skip":true},"6":{"start":{"line":0,"column":0},"end":{"line":0,"column":0},"skip":true},"7":{"start":{"line":0,"column":0},"end":{"line":0,"column":0},"skip":true},"8":{"start":{"line":1,"column":0},"end":{"line":1,"column":0}},"9":{"start":{"line":0,"column":0},"end":{"line":0,"column":0},"skip":true},"10":{"start":{"line":5,"column":2},"end":{"line":7,"column":3}},"11":{"start":{"line":5,"column":21},"end":{"line":5,"column":21}},"12":{"start":{"line":6,"column":4},"end":{"line":6,"column":4}},"13":{"start":{"line":0,"column":0},"end":{"line":0,"column":0},"skip":true},"14":{"start":{"line":10,"column":4},"end":{"line":10,"column":4}},"15":{"start":{"line":15,"column":4},"end":{"line":15,"column":4}},"16":{"start":{"line":0,"column":0},"end":{"line":0,"column":0},"skip":true},"17":{"start":{"line":0,"column":0},"end":{"line":0,"column":0},"skip":true}},"branchMap":{"1":{"line":15,"type":"cond-expr","locations":[{"start":{"line":0,"column":0},"end":{"line":0,"column":0},"skip":true},{"start":{"line":0,"column":0},"end":{"line":0,"column":0},"skip":true}]},"2":{"line":15,"type":"binary-expr","locations":[{"start":{"line":0,"column":0},"end":{"line":0,"column":0},"skip":true},{"start":{"line":0,"column":0},"end":{"line":0,"column":0},"skip":true}]}},"code":["const API_URL = '';","","class AchievementFactory {","","  constructor($http) {","    this.$http = $http;","  }","","  getAchievements() {","    return this.$http.get(API_URL + '/api/achievement');","  }","","  // Scan for new achievements","  refresh() {","    return this.$http.get(API_URL + '/api/achievement/refresh');","  }","","}","","export default AchievementFactory;",""],"l":{"0":2,"1":1,"5":1,"6":0,"10":0,"15":0}},
"/var/www/html/webpack/client/app/services/moon.factory.js":{"path":"/var/www/html/webpack/client/app/services/moon.factory.js","s":{"1":1,"2":1,"3":1,"4":1,"5":1,"6":1,"7":2,"8":1,"9":1,"10":1,"11":9,"12":9,"13":9,"14":9,"15":1,"16":3,"17":1,"18":1},"b":{"1":[2,0],"2":[2,2]},"f":{"1":2,"2":1,"3":9,"4":3},"fnMap":{"1":{"name":"_interopRequireDefault","line":15,"loc":{"start":{"line":0,"column":0},"end":{"line":0,"column":0},"skip":true},"skip":true},"2":{"name":"(anonymous_2)","line":19,"loc":{"start":{"line":0,"column":0},"end":{"line":0,"column":0},"skip":true},"skip":true},"3":{"name":"MoonFactory","line":20,"loc":{"start":{"line":5,"column":2},"end":{"line":5,"column":32}}},"4":{"name":"getNewMoons","line":30,"loc":{"start":{"line":0,"column":0},"end":{"line":0,"column":0},"skip":true},"skip":true}},"statementMap":{"1":{"start":{"line":0,"column":0},"end":{"line":0,"column":0},"skip":true},"2":{"start":{"line":0,"column":0},"end":{"line":0,"column":0},"skip":true},"3":{"start":{"line":0,"column":0},"end":{"line":0,"column":0},"skip":true},"4":{"start":{"line":0,"column":0},"end":{"line":0,"column":0},"skip":true},"5":{"start":{"line":0,"column":0},"end":{"line":0,"column":0},"skip":true},"6":{"start":{"line":0,"column":0},"end":{"line":0,"column":0},"skip":true},"7":{"start":{"line":0,"column":0},"end":{"line":0,"column":0},"skip":true},"8":{"start":{"line":1,"column":0},"end":{"line":1,"column":0}},"9":{"start":{"line":0,"column":0},"end":{"line":0,"column":0},"skip":true},"10":{"start":{"line":5,"column":2},"end":{"line":9,"column":3}},"11":{"start":{"line":5,"column":32},"end":{"line":5,"column":32}},"12":{"start":{"line":6,"column":4},"end":{"line":6,"column":4}},"13":{"start":{"line":7,"column":4},"end":{"line":7,"column":4}},"14":{"start":{"line":8,"column":4},"end":{"line":8,"column":4}},"15":{"start":{"line":0,"column":0},"end":{"line":0,"column":0},"skip":true},"16":{"start":{"line":12,"column":4},"end":{"line":12,"column":4}},"17":{"start":{"line":0,"column":0},"end":{"line":0,"column":0},"skip":true},"18":{"start":{"line":0,"column":0},"end":{"line":0,"column":0},"skip":true}},"branchMap":{"1":{"line":15,"type":"cond-expr","locations":[{"start":{"line":0,"column":0},"end":{"line":0,"column":0},"skip":true},{"start":{"line":0,"column":0},"end":{"line":0,"column":0},"skip":true}]},"2":{"line":15,"type":"binary-expr","locations":[{"start":{"line":0,"column":0},"end":{"line":0,"column":0},"skip":true},{"start":{"line":0,"column":0},"end":{"line":0,"column":0},"skip":true}]}},"code":["const API_URL = '';","","class MoonFactory {","","  constructor($http, DataCache) {","    this.$http = $http;","    this.urlBase = API_URL + '/api/new-moons';","    this.dataCache = DataCache.get();","  }","","  getNewMoons() {","    return this.$http.get(this.urlBase, { cache: this.dataCache });","  }","","}","","export default MoonFactory;",""],"l":{"0":2,"1":1,"5":9,"6":9,"7":9,"8":9,"12":3}},
"/var/www/html/webpack/client/app/services/data.factory.js":{"path":"/var/www/html/webpack/client/app/services/data.factory.js","s":{"1":1,"2":1,"3":1,"4":1,"5":1,"6":1,"7":1,"8":1,"9":1,"10":0,"11":1,"12":1,"13":1,"14":134,"15":134,"16":1,"17":1,"18":1,"19":2,"20":1,"21":1,"22":7,"23":7,"24":7,"25":1,"26":3,"27":3,"28":1,"29":3,"30":0,"31":3,"32":3,"33":1,"34":0,"35":3,"36":0,"37":0,"38":0,"39":0,"40":0,"41":0,"42":0,"43":0,"44":0,"45":0,"46":0,"47":0,"48":0,"49":0,"50":0,"51":0,"52":0,"53":0,"54":0,"55":0,"56":0,"57":0,"58":0,"59":0,"60":0,"61":0,"62":0,"63":0,"64":0,"65":0,"66":0,"67":0,"68":0,"69":0,"70":0,"71":0,"72":0,"73":0,"74":0,"75":0,"76":0,"77":0,"78":0,"79":0,"80":0,"81":0,"82":0,"83":0,"84":0,"85":0,"86":0,"87":0,"88":0,"89":0,"90":0,"91":0,"92":0,"93":0,"94":0,"95":0,"96":0,"97":0,"98":0,"99":0,"100":0,"101":0,"102":0,"103":0,"104":0,"105":0,"106":0,"107":0,"108":0,"109":0,"110":0,"111":0,"112":0,"113":0,"114":0,"115":0,"116":0,"117":0,"118":0,"119":0,"120":0,"121":0,"122":0,"123":0,"124":1,"125":1},"b":{"1":[0,1],"2":[1,1],"3":[1,0],"4":[134,0],"5":[2,0],"6":[2,2],"7":[0,0],"8":[0,0],"9":[0,0],"10":[0,0],"11":[0,0],"12":[0,0],"13":[0,0],"14":[0,0]},"f":{"1":1,"2":2,"3":1,"4":7,"5":3,"6":1,"7":3,"8":0,"9":0,"10":0,"11":0,"12":0,"13":0,"14":0,"15":0,"16":0,"17":0,"18":0,"19":0,"20":0,"21":0,"22":0,"23":0,"24":0,"25":0,"26":0,"27":0,"28":0,"29":0,"30":0,"31":0,"32":0,"33":0,"34":0,"35":0,"36":0},"fnMap":{"1":{"name":"_interopRequireWildcard","line":19,"loc":{"start":{"line":0,"column":0},"end":{"line":0,"column":0},"skip":true},"skip":true},"2":{"name":"_interopRequireDefault","line":21,"loc":{"start":{"line":0,"column":0},"end":{"line":0,"column":0},"skip":true},"skip":true},"3":{"name":"(anonymous_3)","line":23,"loc":{"start":{"line":0,"column":0},"end":{"line":0,"column":0},"skip":true},"skip":true},"4":{"name":"DataFactory","line":24,"loc":{"start":{"line":5,"column":2},"end":{"line":5,"column":32}}},"5":{"name":"attatchMetaToClaims","line":33,"loc":{"start":{"line":0,"column":0},"end":{"line":0,"column":0},"skip":true},"skip":true},"6":{"name":"(anonymous_6)","line":36,"loc":{"start":{"line":14,"column":12},"end":{"line":14,"column":26}}},"7":{"name":"(anonymous_7)","line":37,"loc":{"start":{"line":15,"column":24},"end":{"line":15,"column":33}}},"8":{"name":"(anonymous_8)","line":38,"loc":{"start":{"line":16,"column":40},"end":{"line":16,"column":40}}},"9":{"name":"(anonymous_9)","line":47,"loc":{"start":{"line":24,"column":13},"end":{"line":24,"column":13}}},"10":{"name":"handleCitiesWithMostTowers","line":58,"loc":{"start":{"line":0,"column":0},"end":{"line":0,"column":0},"skip":true},"skip":true},"11":{"name":"(anonymous_11)","line":59,"loc":{"start":{"line":31,"column":26},"end":{"line":31,"column":26}}},"12":{"name":"(anonymous_12)","line":65,"loc":{"start":{"line":40,"column":24},"end":{"line":40,"column":33}}},"13":{"name":"handleTowersPlayerCount","line":79,"loc":{"start":{"line":0,"column":0},"end":{"line":0,"column":0},"skip":true},"skip":true},"14":{"name":"(anonymous_14)","line":81,"loc":{"start":{"line":53,"column":14},"end":{"line":53,"column":29}}},"15":{"name":"(anonymous_15)","line":94,"loc":{"start":{"line":67,"column":12},"end":{"line":67,"column":12}}},"16":{"name":"(anonymous_16)","line":96,"loc":{"start":{"line":68,"column":12},"end":{"line":68,"column":24}}},"17":{"name":"(anonymous_17)","line":97,"loc":{"start":{"line":69,"column":21},"end":{"line":69,"column":30}}},"18":{"name":"(anonymous_18)","line":100,"loc":{"start":{"line":72,"column":34},"end":{"line":72,"column":34}}},"19":{"name":"handleTowersTopClaimed","line":128,"loc":{"start":{"line":0,"column":0},"end":{"line":0,"column":0},"skip":true},"skip":true},"20":{"name":"(anonymous_20)","line":130,"loc":{"start":{"line":102,"column":14},"end":{"line":102,"column":24}}},"21":{"name":"(anonymous_21)","line":143,"loc":{"start":{"line":116,"column":12},"end":{"line":116,"column":12}}},"22":{"name":"(anonymous_22)","line":145,"loc":{"start":{"line":117,"column":12},"end":{"line":117,"column":24}}},"23":{"name":"(anonymous_23)","line":146,"loc":{"start":{"line":118,"column":21},"end":{"line":118,"column":30}}},"24":{"name":"(anonymous_24)","line":149,"loc":{"start":{"line":121,"column":34},"end":{"line":121,"column":34}}},"25":{"name":"handleMostGeldBonus","line":180,"loc":{"start":{"line":0,"column":0},"end":{"line":0,"column":0},"skip":true},"skip":true},"26":{"name":"(anonymous_26)","line":182,"loc":{"start":{"line":151,"column":31},"end":{"line":151,"column":31}}},"27":{"name":"(anonymous_27)","line":192,"loc":{"start":{"line":159,"column":23},"end":{"line":159,"column":32}}},"28":{"name":"handleMostTowersBuilt","line":207,"loc":{"start":{"line":0,"column":0},"end":{"line":0,"column":0},"skip":true},"skip":true},"29":{"name":"(anonymous_29)","line":209,"loc":{"start":{"line":173,"column":31},"end":{"line":173,"column":31}}},"30":{"name":"(anonymous_30)","line":219,"loc":{"start":{"line":181,"column":23},"end":{"line":181,"column":32}}},"31":{"name":"handleMostGeldCollected","line":234,"loc":{"start":{"line":0,"column":0},"end":{"line":0,"column":0},"skip":true},"skip":true},"32":{"name":"(anonymous_32)","line":236,"loc":{"start":{"line":195,"column":31},"end":{"line":195,"column":31}}},"33":{"name":"(anonymous_33)","line":246,"loc":{"start":{"line":203,"column":23},"end":{"line":203,"column":32}}},"34":{"name":"handleTopClaims","line":261,"loc":{"start":{"line":0,"column":0},"end":{"line":0,"column":0},"skip":true},"skip":true},"35":{"name":"(anonymous_35)","line":263,"loc":{"start":{"line":217,"column":31},"end":{"line":217,"column":31}}},"36":{"name":"(anonymous_36)","line":272,"loc":{"start":{"line":224,"column":23},"end":{"line":224,"column":32}}}},"statementMap":{"1":{"start":{"line":0,"column":0},"end":{"line":0,"column":0},"skip":true},"2":{"start":{"line":0,"column":0},"end":{"line":0,"column":0},"skip":true},"3":{"start":{"line":0,"column":0},"end":{"line":0,"column":0},"skip":true},"4":{"start":{"line":0,"column":0},"end":{"line":0,"column":0},"skip":true},"5":{"start":{"line":0,"column":0},"end":{"line":0,"column":0},"skip":true},"6":{"start":{"line":1,"column":0},"end":{"line":1,"column":0}},"7":{"start":{"line":0,"column":0},"end":{"line":0,"column":0},"skip":true},"8":{"start":{"line":0,"column":0},"end":{"line":0,"column":0},"skip":true},"9":{"start":{"line":0,"column":0},"end":{"line":0,"column":0},"skip":true},"10":{"start":{"line":0,"column":0},"end":{"line":0,"column":0},"skip":true},"11":{"start":{"line":0,"column":0},"end":{"line":0,"column":0},"skip":true},"12":{"start":{"line":0,"column":0},"end":{"line":0,"column":0},"skip":true},"13":{"start":{"line":0,"column":0},"end":{"line":0,"column":0},"skip":true},"14":{"start":{"line":0,"column":0},"end":{"line":0,"column":0},"skip":true},"15":{"start":{"line":0,"column":0},"end":{"line":0,"column":0},"skip":true},"16":{"start":{"line":0,"column":0},"end":{"line":0,"column":0},"skip":true},"17":{"start":{"line":0,"column":0},"end":{"line":0,"column":0},"skip":true},"18":{"start":{"line":0,"column":0},"end":{"line":0,"column":0},"skip":true},"19":{"start":{"line":0,"column":0},"end":{"line":0,"column":0},"skip":true},"20":{"start":{"line":0,"column":0},"end":{"line":0,"column":0},"skip":true},"21":{"start":{"line":5,"column":2},"end":{"line":8,"column":3}},"22":{"start":{"line":5,"column":32},"end":{"line":5,"column":32}},"23":{"start":{"line":6,"column":4},"end":{"line":6,"column":4}},"24":{"start":{"line":7,"column":4},"end":{"line":7,"column":4}},"25":{"start":{"line":0,"column":0},"end":{"line":0,"column":0},"skip":true},"26":{"start":{"line":11,"column":4},"end":{"line":11,"column":4}},"27":{"start":{"line":13,"column":4},"end":{"line":13,"column":4}},"28":{"start":{"line":15,"column":8},"end":{"line":15,"column":8}},"29":{"start":{"line":16,"column":10},"end":{"line":16,"column":10}},"30":{"start":{"line":16,"column":40},"end":{"line":16,"column":40}},"31":{"start":{"line":18,"column":10},"end":{"line":18,"column":10}},"32":{"start":{"line":19,"column":10},"end":{"line":19,"column":10}},"33":{"start":{"line":22,"column":8},"end":{"line":22,"column":8}},"34":{"start":{"line":24,"column":13},"end":{"line":24,"column":13}},"35":{"start":{"line":26,"column":6},"end":{"line":26,"column":6}},"36":{"start":{"line":31,"column":4},"end":{"line":31,"column":4}},"37":{"start":{"line":31,"column":26},"end":{"line":31,"column":26}},"38":{"start":{"line":33,"column":4},"end":{"line":33,"column":4}},"39":{"start":{"line":40,"column":4},"end":{"line":40,"column":4}},"40":{"start":{"line":41,"column":6},"end":{"line":41,"column":6}},"41":{"start":{"line":47,"column":4},"end":{"line":47,"column":4}},"42":{"start":{"line":53,"column":4},"end":{"line":53,"column":4}},"43":{"start":{"line":54,"column":6},"end":{"line":54,"column":43}},"44":{"start":{"line":54,"column":43},"end":{"line":54,"column":43}},"45":{"start":{"line":55,"column":6},"end":{"line":55,"column":43}},"46":{"start":{"line":55,"column":43},"end":{"line":55,"column":43}},"47":{"start":{"line":56,"column":6},"end":{"line":56,"column":6}},"48":{"start":{"line":60,"column":4},"end":{"line":60,"column":4}},"49":{"start":{"line":62,"column":4},"end":{"line":62,"column":4}},"50":{"start":{"line":63,"column":4},"end":{"line":63,"column":4}},"51":{"start":{"line":64,"column":4},"end":{"line":64,"column":4}},"52":{"start":{"line":66,"column":4},"end":{"line":66,"column":4}},"53":{"start":{"line":67,"column":12},"end":{"line":67,"column":12}},"54":{"start":{"line":69,"column":8},"end":{"line":69,"column":8}},"55":{"start":{"line":72,"column":10},"end":{"line":72,"column":10}},"56":{"start":{"line":72,"column":34},"end":{"line":72,"column":34}},"57":{"start":{"line":75,"column":10},"end":{"line":85,"column":11}},"58":{"start":{"line":76,"column":12},"end":{"line":81,"column":13}},"59":{"start":{"line":77,"column":14},"end":{"line":77,"column":14}},"60":{"start":{"line":80,"column":14},"end":{"line":80,"column":14}},"61":{"start":{"line":84,"column":12},"end":{"line":84,"column":12}},"62":{"start":{"line":87,"column":10},"end":{"line":87,"column":10}},"63":{"start":{"line":88,"column":10},"end":{"line":88,"column":10}},"64":{"start":{"line":93,"column":4},"end":{"line":93,"column":4}},"65":{"start":{"line":102,"column":4},"end":{"line":102,"column":4}},"66":{"start":{"line":103,"column":6},"end":{"line":103,"column":41}},"67":{"start":{"line":103,"column":41},"end":{"line":103,"column":41}},"68":{"start":{"line":104,"column":6},"end":{"line":104,"column":41}},"69":{"start":{"line":104,"column":41},"end":{"line":104,"column":41}},"70":{"start":{"line":105,"column":6},"end":{"line":105,"column":6}},"71":{"start":{"line":109,"column":4},"end":{"line":109,"column":4}},"72":{"start":{"line":111,"column":4},"end":{"line":111,"column":4}},"73":{"start":{"line":112,"column":4},"end":{"line":112,"column":4}},"74":{"start":{"line":113,"column":4},"end":{"line":113,"column":4}},"75":{"start":{"line":115,"column":4},"end":{"line":115,"column":4}},"76":{"start":{"line":116,"column":12},"end":{"line":116,"column":12}},"77":{"start":{"line":118,"column":8},"end":{"line":118,"column":8}},"78":{"start":{"line":121,"column":10},"end":{"line":121,"column":10}},"79":{"start":{"line":121,"column":34},"end":{"line":121,"column":34}},"80":{"start":{"line":124,"column":10},"end":{"line":134,"column":11}},"81":{"start":{"line":125,"column":12},"end":{"line":130,"column":13}},"82":{"start":{"line":126,"column":14},"end":{"line":126,"column":14}},"83":{"start":{"line":129,"column":14},"end":{"line":129,"column":14}},"84":{"start":{"line":133,"column":12},"end":{"line":133,"column":12}},"85":{"start":{"line":136,"column":10},"end":{"line":136,"column":10}},"86":{"start":{"line":137,"column":10},"end":{"line":137,"column":10}},"87":{"start":{"line":141,"column":4},"end":{"line":141,"column":4}},"88":{"start":{"line":151,"column":4},"end":{"line":151,"column":4}},"89":{"start":{"line":151,"column":31},"end":{"line":151,"column":31}},"90":{"start":{"line":154,"column":4},"end":{"line":154,"column":4}},"91":{"start":{"line":156,"column":4},"end":{"line":156,"column":4}},"92":{"start":{"line":157,"column":4},"end":{"line":157,"column":4}},"93":{"start":{"line":159,"column":4},"end":{"line":159,"column":4}},"94":{"start":{"line":160,"column":6},"end":{"line":160,"column":6}},"95":{"start":{"line":161,"column":6},"end":{"line":161,"column":6}},"96":{"start":{"line":164,"column":4},"end":{"line":164,"column":4}},"97":{"start":{"line":173,"column":4},"end":{"line":173,"column":4}},"98":{"start":{"line":173,"column":31},"end":{"line":173,"column":31}},"99":{"start":{"line":176,"column":4},"end":{"line":176,"column":4}},"100":{"start":{"line":178,"column":4},"end":{"line":178,"column":4}},"101":{"start":{"line":179,"column":4},"end":{"line":179,"column":4}},"102":{"start":{"line":181,"column":4},"end":{"line":181,"column":4}},"103":{"start":{"line":182,"column":6},"end":{"line":182,"column":6}},"104":{"start":{"line":183,"column":6},"end":{"line":183,"column":6}},"105":{"start":{"line":186,"column":4},"end":{"line":186,"column":4}},"106":{"start":{"line":195,"column":4},"end":{"line":195,"column":4}},"107":{"start":{"line":195,"column":31},"end":{"line":195,"column":31}},"108":{"start":{"line":198,"column":4},"end":{"line":198,"column":4}},"109":{"start":{"line":200,"column":4},"end":{"line":200,"column":4}},"110":{"start":{"line":201,"column":4},"end":{"line":201,"column":4}},"111":{"start":{"line":203,"column":4},"end":{"line":203,"column":4}},"112":{"start":{"line":204,"column":6},"end":{"line":204,"column":6}},"113":{"start":{"line":205,"column":6},"end":{"line":205,"column":6}},"114":{"start":{"line":208,"column":4},"end":{"line":208,"column":4}},"115":{"start":{"line":217,"column":4},"end":{"line":217,"column":4}},"116":{"start":{"line":217,"column":31},"end":{"line":217,"column":31}},"117":{"start":{"line":220,"column":4},"end":{"line":220,"column":4}},"118":{"start":{"line":222,"column":4},"end":{"line":222,"column":4}},"119":{"start":{"line":223,"column":4},"end":{"line":223,"column":4}},"120":{"start":{"line":224,"column":4},"end":{"line":224,"column":4}},"121":{"start":{"line":225,"column":6},"end":{"line":225,"column":6}},"122":{"start":{"line":226,"column":6},"end":{"line":226,"column":6}},"123":{"start":{"line":229,"column":4},"end":{"line":229,"column":4}},"124":{"start":{"line":0,"column":0},"end":{"line":0,"column":0},"skip":true},"125":{"start":{"line":0,"column":0},"end":{"line":0,"column":0},"skip":true}},"branchMap":{"1":{"line":19,"type":"if","locations":[{"start":{"line":0,"column":0},"end":{"line":0,"column":0},"skip":true},{"start":{"line":0,"column":0},"end":{"line":0,"column":0},"skip":true}]},"2":{"line":19,"type":"binary-expr","locations":[{"start":{"line":0,"column":0},"end":{"line":0,"column":0},"skip":true},{"start":{"line":0,"column":0},"end":{"line":0,"column":0},"skip":true}]},"3":{"line":19,"type":"if","locations":[{"start":{"line":0,"column":0},"end":{"line":0,"column":0},"skip":true},{"start":{"line":0,"column":0},"end":{"line":0,"column":0},"skip":true}]},"4":{"line":19,"type":"if","locations":[{"start":{"line":0,"column":0},"end":{"line":0,"column":0},"skip":true},{"start":{"line":0,"column":0},"end":{"line":0,"column":0},"skip":true}]},"5":{"line":21,"type":"cond-expr","locations":[{"start":{"line":0,"column":0},"end":{"line":0,"column":0},"skip":true},{"start":{"line":0,"column":0},"end":{"line":0,"column":0},"skip":true}]},"6":{"line":21,"type":"binary-expr","locations":[{"start":{"line":0,"column":0},"end":{"line":0,"column":0},"skip":true},{"start":{"line":0,"column":0},"end":{"line":0,"column":0},"skip":true}]},"7":{"line":82,"type":"if","locations":[{"start":{"line":54,"column":6},"end":{"line":54,"column":6}},{"start":{"line":54,"column":6},"end":{"line":54,"column":6}}]},"8":{"line":83,"type":"if","locations":[{"start":{"line":55,"column":6},"end":{"line":55,"column":6}},{"start":{"line":55,"column":6},"end":{"line":55,"column":6}}]},"9":{"line":105,"type":"if","locations":[{"start":{"line":75,"column":10},"end":{"line":75,"column":10}},{"start":{"line":75,"column":10},"end":{"line":75,"column":10}}]},"10":{"line":106,"type":"if","locations":[{"start":{"line":76,"column":12},"end":{"line":76,"column":12}},{"start":{"line":76,"column":12},"end":{"line":76,"column":12}}]},"11":{"line":131,"type":"if","locations":[{"start":{"line":103,"column":6},"end":{"line":103,"column":6}},{"start":{"line":103,"column":6},"end":{"line":103,"column":6}}]},"12":{"line":132,"type":"if","locations":[{"start":{"line":104,"column":6},"end":{"line":104,"column":6}},{"start":{"line":104,"column":6},"end":{"line":104,"column":6}}]},"13":{"line":154,"type":"if","locations":[{"start":{"line":124,"column":10},"end":{"line":124,"column":10}},{"start":{"line":124,"column":10},"end":{"line":124,"column":10}}]},"14":{"line":155,"type":"if","locations":[{"start":{"line":125,"column":12},"end":{"line":125,"column":12}},{"start":{"line":125,"column":12},"end":{"line":125,"column":12}}]}},"code":["import * as _ from 'underscore';","","class DataFactory {","","  constructor(TowerFactory, $q) {","    this.TowerFactory = TowerFactory;","    this.$q = $q;","  }","","  attatchMetaToClaims(data) {","    var deferred = this.$q.defer();","","    this.TowerFactory.getTowers()","      .then((response) => {","        data = data.map((obj) => {","          var meta = response.data.find(search => search.tower_id == obj.tower_id);","","          obj.meta = meta;","          return obj;","        });","","        deferred.resolve(data);","      })","      .catch(error => deferred.reject(error));","","      return deferred.promise;","  }","","  // Handle data to get a sorted list of cities with most towers built","  handleCitiesWithMostTowers(data) {","    data = _.reject(data, (obj) => obj.city === null);","","    var result = _.chain(data)","      .countBy('city')","      .pairs()","      .sortBy(1).reverse()","      .slice(0, 10)","      .value();","","    result = result.map((obj) => {","      return {","        city: obj[0],","        amount: obj[1]","      };","    });","","    return result;","  }","","  // Handle data to get the towers with highest player count","  handleTowersPlayerCount(data) {","    // Sort data based on player_count","    data.sort(function(a, b) {","      if (a.player_count < b.player_count) return 1;","      if (a.player_count > b.player_count) return -1;","      return 0;","    });","","    // Get only the top of the sorted data","    data = data.slice(0, 10);","","    var labels = [];","    var dataset = [];","    var values = [];","","    this.TowerFactory.getTowers()","      .then(response => response.data)","      .then((towers) => {","        data.forEach((obj) => {","","          // Get the info for the tower to get the tower name","          var tower = towers.find(found => found.tower_id == obj.tower_id);","","          // Check if tower is undefind, if it is, display ID instead of name","          if (tower) {","            if (tower.tower_name) {","              labels.push(tower.tower_name);","            }","            else {","              labels.push('Tower#' + obj.tower_id);","            }","          }","          else {","            labels.push('Tower#' + obj.tower_id);","          }","","          values.push(obj.player_count);","          dataset.push({link: obj.tower_id});","        });","","      });","","    return {","      labels: labels,","      dataset: dataset,","      data: values,","    };","  }","","  handleTowersTopClaimed(data) {","    // Sort data based on claim_count","    data.sort((a, b) => {","      if (a.claim_count < b.claim_count) return 1;","      if (a.claim_count > b.claim_count) return -1;","      return 0;","    });","","    // Get only the top of the sorted data","    data = data.slice(0, 10);","","    let labels = [];","    let dataset = [];","    let values = [];","","    this.TowerFactory.getTowers()","      .then(response => response.data)","      .then((towers) => {","        data.forEach((obj) => {","","          // Get the info for the tower to get the tower name","          let tower = towers.find(found => found.tower_id == obj.tower_id);","","          // Check if tower is undefind, if it is, display ID instead of name","          if (tower) {","            if (tower.tower_name) {","              labels.push(tower.tower_name);","            }","            else {","              labels.push('Tower#' + obj.tower_id);","            }","          }","          else {","            labels.push('Tower#' + obj.tower_id);","          }","","          dataset.push({link: obj.tower_id});","          values.push(obj.claim_count);","        });","      });","","    return {","      labels: labels,","      dataset: dataset,","      data: values,","    };","  }","","  // Sort data to get the players with most geld bonus","  handleMostGeldBonus(data) {","    // Sort based on geld bonus","    let sortedData = data.sort((a, b) => b.geld_bonus - a.geld_bonus);","","    // Get only the first ten of the sorted data","    sortedData = sortedData.slice(0, 10);","","    let values = [];","    let labels = [];","","    sortedData.forEach((obj) => {","      values.push(obj.geld_bonus);","      labels.push(obj.player_alias);","    });","","    return {","      data: values,","      labels: labels,","    };","  }","","  // Sort data to get the players who have built most towers","  handleMostTowersBuilt(data) {","    // Sort based on towers built","    let sortedData = data.sort((a, b) => b.count - a.count);","","    // Get only the first ten of the sorted data","    sortedData = sortedData.slice(0, 10);","","    let values = [];","    let labels = [];","","    sortedData.forEach((obj) => {","      values.push(obj.count);","      labels.push(obj.player_alias);","    });","","    return {","      data: values,","      labels: labels,","    };","  }","","  // Sort data to get players who collected most geld","  handleMostGeldCollected(data) {","    // Sort based on geld collected count","    let sortedData = data.sort((a, b) => b.geld_collected - a.geld_collected);","","    // Get only the first ten of the sorted data","    sortedData = sortedData.slice(0, 10);","","    let values = [];","    let labels = [];","","    sortedData.forEach((obj) => {","      values.push(obj.geld_collected);","      labels.push(obj.player_alias);","    });","","    return {","      data: values,","      labels: labels,","    };","  }","","  // Sort data to get players who claimed most towers","  handleTopClaims(data) {","    // Sort based on claim count","    let sortedData = data.sort((a, b) => b.claim_count - a.claim_count);","","    // Get only the first ten of the sorted data","    sortedData = sortedData.slice(0, 10);","","    let values = [];","    let labels = [];","    sortedData.forEach((obj) => {","      values.push(obj.claim_count);","      labels.push(obj.player_alias);","    });","","    return {","      data: values,","      labels: labels,","    };","  }","","}","","export default DataFactory;",""],"l":{"0":134,"1":1,"5":7,"6":7,"7":7,"11":3,"13":3,"15":1,"16":3,"18":3,"19":3,"22":1,"24":0,"26":3,"31":0,"33":0,"40":0,"41":0,"47":0,"53":0,"54":0,"55":0,"56":0,"60":0,"62":0,"63":0,"64":0,"66":0,"67":0,"69":0,"72":0,"75":0,"76":0,"77":0,"80":0,"84":0,"87":0,"88":0,"93":0,"102":0,"103":0,"104":0,"105":0,"109":0,"111":0,"112":0,"113":0,"115":0,"116":0,"118":0,"121":0,"124":0,"125":0,"126":0,"129":0,"133":0,"136":0,"137":0,"141":0,"151":0,"154":0,"156":0,"157":0,"159":0,"160":0,"161":0,"164":0,"173":0,"176":0,"178":0,"179":0,"181":0,"182":0,"183":0,"186":0,"195":0,"198":0,"200":0,"201":0,"203":0,"204":0,"205":0,"208":0,"217":0,"220":0,"222":0,"223":0,"224":0,"225":0,"226":0,"229":0}},
"/var/www/html/webpack/client/app/services/datacache.factory.js":{"path":"/var/www/html/webpack/client/app/services/datacache.factory.js","s":{"1":1,"2":1,"3":1,"4":1,"5":1,"6":1,"7":2,"8":1,"9":1,"10":20,"11":20,"12":1,"13":30,"14":1,"15":30,"16":1,"17":1},"b":{"1":[2,0],"2":[2,2],"3":[1,29]},"f":{"1":2,"2":1,"3":20,"4":30},"fnMap":{"1":{"name":"_interopRequireDefault","line":15,"loc":{"start":{"line":0,"column":0},"end":{"line":0,"column":0},"skip":true},"skip":true},"2":{"name":"(anonymous_2)","line":17,"loc":{"start":{"line":0,"column":0},"end":{"line":0,"column":0},"skip":true},"skip":true},"3":{"name":"DataCache","line":18,"loc":{"start":{"line":2,"column":2},"end":{"line":2,"column":28}}},"4":{"name":"get","line":26,"loc":{"start":{"line":0,"column":0},"end":{"line":0,"column":0},"skip":true},"skip":true}},"statementMap":{"1":{"start":{"line":0,"column":0},"end":{"line":0,"column":0},"skip":true},"2":{"start":{"line":0,"column":0},"end":{"line":0,"column":0},"skip":true},"3":{"start":{"line":0,"column":0},"end":{"line":0,"column":0},"skip":true},"4":{"start":{"line":0,"column":0},"end":{"line":0,"column":0},"skip":true},"5":{"start":{"line":0,"column":0},"end":{"line":0,"column":0},"skip":true},"6":{"start":{"line":0,"column":0},"end":{"line":0,"column":0},"skip":true},"7":{"start":{"line":0,"column":0},"end":{"line":0,"column":0},"skip":true},"8":{"start":{"line":0,"column":0},"end":{"line":0,"column":0},"skip":true},"9":{"start":{"line":2,"column":2},"end":{"line":4,"column":3}},"10":{"start":{"line":2,"column":28},"end":{"line":2,"column":28}},"11":{"start":{"line":3,"column":4},"end":{"line":3,"column":4}},"12":{"start":{"line":0,"column":0},"end":{"line":0,"column":0},"skip":true},"13":{"start":{"line":7,"column":4},"end":{"line":14,"column":5}},"14":{"start":{"line":8,"column":6},"end":{"line":8,"column":6}},"15":{"start":{"line":16,"column":4},"end":{"line":16,"column":4}},"16":{"start":{"line":0,"column":0},"end":{"line":0,"column":0},"skip":true},"17":{"start":{"line":0,"column":0},"end":{"line":0,"column":0},"skip":true}},"branchMap":{"1":{"line":15,"type":"cond-expr","locations":[{"start":{"line":0,"column":0},"end":{"line":0,"column":0},"skip":true},{"start":{"line":0,"column":0},"end":{"line":0,"column":0},"skip":true}]},"2":{"line":15,"type":"binary-expr","locations":[{"start":{"line":0,"column":0},"end":{"line":0,"column":0},"skip":true},{"start":{"line":0,"column":0},"end":{"line":0,"column":0},"skip":true}]},"3":{"line":27,"type":"if","locations":[{"start":{"line":7,"column":4},"end":{"line":7,"column":4}},{"start":{"line":7,"column":4},"end":{"line":7,"column":4}}]}},"code":["class DataCache {","  constructor(CacheFactory) {","    this.CacheFactory = CacheFactory;","  }","","  get() {","    if (!this.CacheFactory.get('dataCache')) {","      this.CacheFactory.createCache('dataCache', {","        deleteOnExpire: 'aggressive',","        cacheFlushInterval: 60 * 60 * 1000, // This cache will clear itself every hour.","        recycleFreq: 60000,","        storageMode: 'localStorage' // This cache will use `localStorage`.","      });","    }","","    return this.CacheFactory.get('dataCache');","  }","}","","export default DataCache;",""],"l":{"0":2,"2":20,"3":20,"7":30,"8":1,"16":30}},
"/var/www/html/webpack/client/app/services/error.factory.js":{"path":"/var/www/html/webpack/client/app/services/error.factory.js","s":{"1":1,"2":1,"3":0,"4":0,"5":0,"6":0,"7":0,"8":0,"9":0,"10":0,"11":0,"12":1},"b":{},"f":{"1":0,"2":0,"3":0},"fnMap":{"1":{"name":"ErrorFactory","line":6,"loc":{"start":{"line":1,"column":19},"end":{"line":1,"column":40}}},"2":{"name":"addErrorMessage","line":11,"loc":{"start":{"line":6,"column":24},"end":{"line":6,"column":37}}},"3":{"name":"getErrorMessages","line":15,"loc":{"start":{"line":10,"column":25},"end":{"line":10,"column":31}}}},"statementMap":{"1":{"start":{"line":0,"column":0},"end":{"line":0,"column":0},"skip":true},"2":{"start":{"line":1,"column":0},"end":{"line":1,"column":0}},"3":{"start":{"line":2,"column":2},"end":{"line":2,"column":2}},"4":{"start":{"line":4,"column":2},"end":{"line":4,"column":2}},"5":{"start":{"line":6,"column":2},"end":{"line":6,"column":2}},"6":{"start":{"line":7,"column":4},"end":{"line":7,"column":4}},"7":{"start":{"line":10,"column":2},"end":{"line":10,"column":2}},"8":{"start":{"line":11,"column":4},"end":{"line":11,"column":4}},"9":{"start":{"line":12,"column":4},"end":{"line":12,"column":4}},"10":{"start":{"line":13,"column":4},"end":{"line":13,"column":4}},"11":{"start":{"line":16,"column":2},"end":{"line":16,"column":2}},"12":{"start":{"line":0,"column":0},"end":{"line":0,"column":0},"skip":true}},"branchMap":{},"code":["let ErrorFactory = function($rootScope) {","  'ngInject';","","  let errors = [];","","  let addErrorMessage = (message) => {","    errors.push(message)","  };","","  let getErrorMessages = () => {","    let response = errors;","    errors = [];","    return response;","  };","","  return { addErrorMessage };","};","","export default ErrorFactory;",""],"l":{"0":1,"1":1,"2":0,"4":0,"6":0,"7":0,"10":0,"11":0,"12":0,"13":0,"16":0}},
"/var/www/html/webpack/client/app/services/auth.service.js":{"path":"/var/www/html/webpack/client/app/services/auth.service.js","s":{"1":1,"2":1,"3":1,"4":1,"5":1,"6":1,"7":2,"8":1,"9":1,"10":1,"11":0,"12":0,"13":0,"14":0,"15":0,"16":0,"17":0,"18":1,"19":0,"20":0,"21":0,"22":0,"23":0,"24":1,"25":1},"b":{"1":[2,0],"2":[2,2],"3":[0,0],"4":[0,0]},"f":{"1":2,"2":1,"3":0,"4":0,"5":0,"6":0},"fnMap":{"1":{"name":"_interopRequireDefault","line":15,"loc":{"start":{"line":0,"column":0},"end":{"line":0,"column":0},"skip":true},"skip":true},"2":{"name":"(anonymous_2)","line":19,"loc":{"start":{"line":0,"column":0},"end":{"line":0,"column":0},"skip":true},"skip":true},"3":{"name":"AuthService","line":20,"loc":{"start":{"line":5,"column":2},"end":{"line":5,"column":31}}},"4":{"name":"setAuthed","line":34,"loc":{"start":{"line":0,"column":0},"end":{"line":0,"column":0},"skip":true},"skip":true},"5":{"name":"getAuthed","line":41,"loc":{"start":{"line":0,"column":0},"end":{"line":0,"column":0},"skip":true},"skip":true},"6":{"name":"auth","line":46,"loc":{"start":{"line":0,"column":0},"end":{"line":0,"column":0},"skip":true},"skip":true}},"statementMap":{"1":{"start":{"line":0,"column":0},"end":{"line":0,"column":0},"skip":true},"2":{"start":{"line":0,"column":0},"end":{"line":0,"column":0},"skip":true},"3":{"start":{"line":0,"column":0},"end":{"line":0,"column":0},"skip":true},"4":{"start":{"line":0,"column":0},"end":{"line":0,"column":0},"skip":true},"5":{"start":{"line":0,"column":0},"end":{"line":0,"column":0},"skip":true},"6":{"start":{"line":0,"column":0},"end":{"line":0,"column":0},"skip":true},"7":{"start":{"line":0,"column":0},"end":{"line":0,"column":0},"skip":true},"8":{"start":{"line":1,"column":0},"end":{"line":1,"column":0}},"9":{"start":{"line":0,"column":0},"end":{"line":0,"column":0},"skip":true},"10":{"start":{"line":5,"column":2},"end":{"line":15,"column":3}},"11":{"start":{"line":6,"column":4},"end":{"line":6,"column":4}},"12":{"start":{"line":5,"column":31},"end":{"line":5,"column":31}},"13":{"start":{"line":8,"column":4},"end":{"line":8,"column":4}},"14":{"start":{"line":9,"column":4},"end":{"line":9,"column":4}},"15":{"start":{"line":11,"column":4},"end":{"line":11,"column":4}},"16":{"start":{"line":13,"column":4},"end":{"line":14,"column":6}},"17":{"start":{"line":14,"column":6},"end":{"line":14,"column":6}},"18":{"start":{"line":0,"column":0},"end":{"line":0,"column":0},"skip":true},"19":{"start":{"line":18,"column":4},"end":{"line":19,"column":6}},"20":{"start":{"line":19,"column":6},"end":{"line":19,"column":6}},"21":{"start":{"line":21,"column":4},"end":{"line":21,"column":4}},"22":{"start":{"line":25,"column":4},"end":{"line":25,"column":4}},"23":{"start":{"line":29,"column":4},"end":{"line":29,"column":4}},"24":{"start":{"line":0,"column":0},"end":{"line":0,"column":0},"skip":true},"25":{"start":{"line":0,"column":0},"end":{"line":0,"column":0},"skip":true}},"branchMap":{"1":{"line":15,"type":"cond-expr","locations":[{"start":{"line":0,"column":0},"end":{"line":0,"column":0},"skip":true},{"start":{"line":0,"column":0},"end":{"line":0,"column":0},"skip":true}]},"2":{"line":15,"type":"binary-expr","locations":[{"start":{"line":0,"column":0},"end":{"line":0,"column":0},"skip":true},{"start":{"line":0,"column":0},"end":{"line":0,"column":0},"skip":true}]},"3":{"line":29,"type":"if","locations":[{"start":{"line":13,"column":4},"end":{"line":13,"column":4}},{"start":{"line":13,"column":4},"end":{"line":13,"column":4}}]},"4":{"line":35,"type":"if","locations":[{"start":{"line":18,"column":4},"end":{"line":18,"column":4}},{"start":{"line":18,"column":4},"end":{"line":18,"column":4}}]}},"code":["const API_PERSONAL = '/api/verify-key/';","","class AuthService {","","  constructor($cookies, $http) {","    'ngInject';","","    this.$cookies = $cookies;","    this.$http = $http;","","    this.authed = false;","","    if ($cookies.get('userApiKey'))","      this.authed = true;","  }","","  setAuthed(authed) {","    if (authed === false)","      this.$cookies.remove('userApiKey');","","    this.authed = authed;","  }","","  getAuthed() {","    return this.authed;","  }","","  auth(apiKey) {","    return this.$http.get(API_PERSONAL + apiKey);","  }","}","","export default AuthService;",""],"l":{"0":2,"1":1,"5":1,"6":0,"8":0,"9":0,"11":0,"13":0,"14":0,"18":0,"19":0,"21":0,"25":0,"29":0}},
[...]
"/var/www/html/webpack/client/app/components/tower/tower.controller.js":{"path":"/var/www/html/webpack/client/app/components/tower/tower.controller.js","s":{"1":1,"2":1,"3":1,"4":1,"5":1,"6":1,"7":2,"8":1,"9":1,"10":10,"11":10,"12":10,"13":10,"14":10,"15":10,"16":10,"17":10,"18":10,"19":10,"20":10,"21":29,"22":10,"23":1,"24":10,"25":10,"26":13,"27":13,"28":1,"29":1,"30":1,"31":1,"32":2,"33":2,"34":2,"35":1,"36":13,"37":13,"38":3,"39":15,"40":3,"41":10,"42":1,"43":9,"44":8,"45":1,"46":3,"47":0,"48":1,"49":1},"b":{"1":[2,0],"2":[2,2],"3":[2,0],"4":[1,1],"5":[1,9],"6":[8,1]},"f":{"1":2,"2":1,"3":10,"4":29,"5":10,"6":10,"7":13,"8":1,"9":1,"10":2,"11":13,"12":3,"13":15,"14":10,"15":0},"fnMap":{"1":{"name":"_interopRequireDefault","line":15,"loc":{"start":{"line":0,"column":0},"end":{"line":0,"column":0},"skip":true},"skip":true},"2":{"name":"(anonymous_2)","line":17,"loc":{"start":{"line":0,"column":0},"end":{"line":0,"column":0},"skip":true},"skip":true},"3":{"name":"TowerController","line":19,"loc":{"start":{"line":3,"column":2},"end":{"line":3,"column":81}}},"4":{"name":"(anonymous_4)","line":38,"loc":{"start":{"line":19,"column":18},"end":{"line":19,"column":18}}},"5":{"name":"(anonymous_5)","line":40,"loc":{"start":{"line":19,"column":45},"end":{"line":19,"column":45}}},"6":{"name":"init","line":47,"loc":{"start":{"line":0,"column":0},"end":{"line":0,"column":0},"skip":true},"skip":true},"7":{"name":"findTower","line":53,"loc":{"start":{"line":0,"column":0},"end":{"line":0,"column":0},"skip":true},"skip":true},"8":{"name":"(anonymous_8)","line":56,"loc":{"start":{"line":29,"column":12},"end":{"line":29,"column":26}}},"9":{"name":"(anonymous_9)","line":61,"loc":{"start":{"line":35,"column":12},"end":{"line":35,"column":12}}},"10":{"name":"(anonymous_10)","line":63,"loc":{"start":{"line":36,"column":13},"end":{"line":36,"column":24}}},"11":{"name":"getLog","line":78,"loc":{"start":{"line":0,"column":0},"end":{"line":0,"column":0},"skip":true},"skip":true},"12":{"name":"(anonymous_12)","line":81,"loc":{"start":{"line":52,"column":12},"end":{"line":52,"column":26}}},"13":{"name":"(anonymous_13)","line":83,"loc":{"start":{"line":54,"column":40},"end":{"line":54,"column":40}}},"14":{"name":"(anonymous_14)","line":88,"loc":{"start":{"line":57,"column":18},"end":{"line":57,"column":28}}},"15":{"name":"(anonymous_15)","line":96,"loc":{"start":{"line":66,"column":13},"end":{"line":66,"column":13}}}},"statementMap":{"1":{"start":{"line":0,"column":0},"end":{"line":0,"column":0},"skip":true},"2":{"start":{"line":0,"column":0},"end":{"line":0,"column":0},"skip":true},"3":{"start":{"line":0,"column":0},"end":{"line":0,"column":0},"skip":true},"4":{"start":{"line":0,"column":0},"end":{"line":0,"column":0},"skip":true},"5":{"start":{"line":0,"column":0},"end":{"line":0,"column":0},"skip":true},"6":{"start":{"line":0,"column":0},"end":{"line":0,"column":0},"skip":true},"7":{"start":{"line":0,"column":0},"end":{"line":0,"column":0},"skip":true},"8":{"start":{"line":0,"column":0},"end":{"line":0,"column":0},"skip":true},"9":{"start":{"line":3,"column":2},"end":{"line":20,"column":3}},"10":{"start":{"line":4,"column":4},"end":{"line":4,"column":4}},"11":{"start":{"line":3,"column":81},"end":{"line":3,"column":81}},"12":{"start":{"line":3,"column":81},"end":{"line":3,"column":81}},"13":{"start":{"line":6,"column":4},"end":{"line":6,"column":4}},"14":{"start":{"line":7,"column":4},"end":{"line":7,"column":4}},"15":{"start":{"line":8,"column":4},"end":{"line":8,"column":4}},"16":{"start":{"line":9,"column":4},"end":{"line":9,"column":4}},"17":{"start":{"line":10,"column":4},"end":{"line":10,"column":4}},"18":{"start":{"line":12,"column":4},"end":{"line":12,"column":4}},"19":{"start":{"line":17,"column":4},"end":{"line":17,"column":4}},"20":{"start":{"line":19,"column":4},"end":{"line":19,"column":4}},"21":{"start":{"line":19,"column":18},"end":{"line":19,"column":18}},"22":{"start":{"line":19,"column":45},"end":{"line":19,"column":45}},"23":{"start":{"line":0,"column":0},"end":{"line":0,"column":0},"skip":true},"24":{"start":{"line":23,"column":4},"end":{"line":23,"column":4}},"25":{"start":{"line":24,"column":4},"end":{"line":24,"column":4}},"26":{"start":{"line":27,"column":16},"end":{"line":27,"column":16}},"27":{"start":{"line":28,"column":4},"end":{"line":28,"column":4}},"28":{"start":{"line":30,"column":8},"end":{"line":30,"column":8}},"29":{"start":{"line":31,"column":8},"end":{"line":31,"column":8}},"30":{"start":{"line":33,"column":8},"end":{"line":33,"column":8}},"31":{"start":{"line":35,"column":12},"end":{"line":35,"column":12}},"32":{"start":{"line":37,"column":8},"end":{"line":37,"column":8}},"33":{"start":{"line":39,"column":8},"end":{"line":46,"column":9}},"34":{"start":{"line":40,"column":10},"end":{"line":45,"column":11}},"35":{"start":{"line":41,"column":12},"end":{"line":41,"column":12}},"36":{"start":{"line":50,"column":13},"end":{"line":50,"column":13}},"37":{"start":{"line":51,"column":4},"end":{"line":51,"column":4}},"38":{"start":{"line":54,"column":8},"end":{"line":54,"column":8}},"39":{"start":{"line":54,"column":40},"end":{"line":54,"column":40}},"40":{"start":{"line":57,"column":8},"end":{"line":57,"column":8}},"41":{"start":{"line":58,"column":10},"end":{"line":58,"column":43}},"42":{"start":{"line":58,"column":43},"end":{"line":58,"column":43}},"43":{"start":{"line":59,"column":10},"end":{"line":59,"column":43}},"44":{"start":{"line":59,"column":43},"end":{"line":59,"column":43}},"45":{"start":{"line":61,"column":10},"end":{"line":61,"column":10}},"46":{"start":{"line":64,"column":8},"end":{"line":64,"column":8}},"47":{"start":{"line":66,"column":13},"end":{"line":66,"column":13}},"48":{"start":{"line":0,"column":0},"end":{"line":0,"column":0},"skip":true},"49":{"start":{"line":0,"column":0},"end":{"line":0,"column":0},"skip":true}},"branchMap":{"1":{"line":15,"type":"cond-expr","locations":[{"start":{"line":0,"column":0},"end":{"line":0,"column":0},"skip":true},{"start":{"line":0,"column":0},"end":{"line":0,"column":0},"skip":true}]},"2":{"line":15,"type":"binary-expr","locations":[{"start":{"line":0,"column":0},"end":{"line":0,"column":0},"skip":true},{"start":{"line":0,"column":0},"end":{"line":0,"column":0},"skip":true}]},"3":{"line":66,"type":"if","locations":[{"start":{"line":39,"column":8},"end":{"line":39,"column":8}},{"start":{"line":39,"column":8},"end":{"line":39,"column":8}}]},"4":{"line":67,"type":"if","locations":[{"start":{"line":40,"column":10},"end":{"line":40,"column":10}},{"start":{"line":40,"column":10},"end":{"line":40,"column":10}}]},"5":{"line":89,"type":"if","locations":[{"start":{"line":58,"column":10},"end":{"line":58,"column":10}},{"start":{"line":58,"column":10},"end":{"line":58,"column":10}}]},"6":{"line":90,"type":"if","locations":[{"start":{"line":59,"column":10},"end":{"line":59,"column":10}},{"start":{"line":59,"column":10},"end":{"line":59,"column":10}}]}},"code":["class TowerController {","  /*@ngInject*/","  constructor($scope, TowerFactory, MeFactory, $state, $stateParams, MapService) {","    'ngInject';","","    this.TowerFactory = TowerFactory;","    this.MeFactory = MeFactory;","    this.MapService = MapService;","    this.$stateParams = $stateParams;","    this.$state = $state;","","    this.state = {","      loading: true,","      view: this.$state.current.name,","    };","","    this.init();","","    $scope.$watch(() => $state.current.name, (newValue) => this.state.view = newValue);","  }","","  init() {","    this.findTower(this.$stateParams.id);","    this.getLog(this.$stateParams.id);","  }","","  findTower(id) {","    this.TowerFactory.findById(id)","      .then((response) => {","        this.state.loading = false;","        this.tower = response.data;","","        return this.MapService.getMap(this.tower.formatted_address);","      })","      .then(response => this.map = response.map)","      .catch((error) => {","        this.state.loading = false;","","        if (error.status) {","          if (error.status === 404) {","            this.error = {","              type: 'Unable to load tower: ' + error.data.message,","              message: 'This tower is missing data',","            };","          }","        }","      });","  }","","  getLog(id) {","    return this.MeFactory.getClaims()","      .then((response) => {","        // Get claims on this tower","        var data = response.data.filter(obj => obj.tower_id == id);","","        // Sort the data","        data.sort((a, b) => {","          if (a.claimed_on > b.claimed_on) return -1;","          if (a.claimed_on < b.claimed_on) return 1;","","          return 0;","        });","","        this.log = data;","      })","      .catch(error => console.log(error));","  }","}","","export default TowerController;",""],"l":{"0":2,"3":10,"4":10,"6":10,"7":10,"8":10,"9":10,"10":10,"12":10,"17":10,"19":29,"23":10,"24":10,"27":13,"28":13,"30":1,"31":1,"33":1,"35":1,"37":2,"39":2,"40":2,"41":1,"50":13,"51":13,"54":15,"57":3,"58":10,"59":9,"61":1,"64":3,"66":0}},
"/var/www/html/webpack/client/app/components/towers/towers.js":{"path":"/var/www/html/webpack/client/app/components/towers/towers.js","s":{"1":1,"2":1,"3":1,"4":1,"5":1,"6":1,"7":1,"8":1,"9":1,"10":1,"11":1,"12":1,"13":1,"14":1,"15":1,"16":6,"17":1,"18":5,"19":5,"20":1},"b":{"1":[3,3],"2":[6,6]},"f":{"1":6,"2":5},"fnMap":{"1":{"name":"_interopRequireDefault","line":33,"loc":{"start":{"line":0,"column":0},"end":{"line":0,"column":0},"skip":true},"skip":true},"2":{"name":"(anonymous_2)","line":35,"loc":{"start":{"line":17,"column":8},"end":{"line":17,"column":28}}}},"statementMap":{"1":{"start":{"line":0,"column":0},"end":{"line":0,"column":0},"skip":true},"2":{"start":{"line":1,"column":0},"end":{"line":1,"column":0}},"3":{"start":{"line":0,"column":0},"end":{"line":0,"column":0},"skip":true},"4":{"start":{"line":2,"column":0},"end":{"line":2,"column":0}},"5":{"start":{"line":0,"column":0},"end":{"line":0,"column":0},"skip":true},"6":{"start":{"line":3,"column":0},"end":{"line":3,"column":0}},"7":{"start":{"line":0,"column":0},"end":{"line":0,"column":0},"skip":true},"8":{"start":{"line":4,"column":0},"end":{"line":4,"column":0}},"9":{"start":{"line":0,"column":0},"end":{"line":0,"column":0},"skip":true},"10":{"start":{"line":5,"column":0},"end":{"line":5,"column":0}},"11":{"start":{"line":6,"column":0},"end":{"line":6,"column":0}},"12":{"start":{"line":0,"column":0},"end":{"line":0,"column":0},"skip":true},"13":{"start":{"line":7,"column":0},"end":{"line":7,"column":0}},"14":{"start":{"line":0,"column":0},"end":{"line":0,"column":0},"skip":true},"15":{"start":{"line":0,"column":0},"end":{"line":0,"column":0},"skip":true},"16":{"start":{"line":0,"column":0},"end":{"line":0,"column":0},"skip":true},"17":{"start":{"line":9,"column":0},"end":{"line":9,"column":0}},"18":{"start":{"line":18,"column":2},"end":{"line":18,"column":2}},"19":{"start":{"line":19,"column":2},"end":{"line":19,"column":2}},"20":{"start":{"line":0,"column":0},"end":{"line":0,"column":0},"skip":true}},"branchMap":{"1":{"line":33,"type":"cond-expr","locations":[{"start":{"line":0,"column":0},"end":{"line":0,"column":0},"skip":true},{"start":{"line":0,"column":0},"end":{"line":0,"column":0},"skip":true}]},"2":{"line":33,"type":"binary-expr","locations":[{"start":{"line":0,"column":0},"end":{"line":0,"column":0},"skip":true},{"start":{"line":0,"column":0},"end":{"line":0,"column":0},"skip":true}]}},"code":["import angular from 'angular';","import uiRouter from 'angular-ui-router';","import ngCache from 'angular-cache';","import ngTranslate from 'angular-translate';","import 'ng-table';","import towersComponent from './towers.component';","import Services from '../../services/services'","","let towersModule = angular.module('towers', [","  uiRouter,","  Services,","  ngCache,","  ngTranslate,","  'ngTable',","])","",".config(($stateProvider) => {","  \"ngInject\";","  $stateProvider","    .state('towers', {","      url: '/towers',","      component: 'towers'","    });","})","",".component('towers', towersComponent)","",".name;","","export default towersModule;",""],"l":{"0":6,"1":1,"2":1,"3":1,"4":1,"5":1,"6":1,"7":1,"9":1,"18":5,"19":5}},
"/var/www/html/webpack/client/app/components/towers/towers.component.js":{"path":"/var/www/html/webpack/client/app/components/towers/towers.component.js","s":{"1":1,"2":1,"3":1,"4":1,"5":1,"6":1,"7":1,"8":2,"9":1,"10":1},"b":{"1":[1,1],"2":[2,2]},"f":{"1":2},"fnMap":{"1":{"name":"_interopRequireDefault","line":17,"loc":{"start":{"line":0,"column":0},"end":{"line":0,"column":0},"skip":true},"skip":true}},"statementMap":{"1":{"start":{"line":0,"column":0},"end":{"line":0,"column":0},"skip":true},"2":{"start":{"line":1,"column":0},"end":{"line":1,"column":0}},"3":{"start":{"line":0,"column":0},"end":{"line":0,"column":0},"skip":true},"4":{"start":{"line":2,"column":0},"end":{"line":2,"column":0}},"5":{"start":{"line":0,"column":0},"end":{"line":0,"column":0},"skip":true},"6":{"start":{"line":3,"column":0},"end":{"line":3,"column":0}},"7":{"start":{"line":0,"column":0},"end":{"line":0,"column":0},"skip":true},"8":{"start":{"line":0,"column":0},"end":{"line":0,"column":0},"skip":true},"9":{"start":{"line":5,"column":0},"end":{"line":5,"column":0}},"10":{"start":{"line":0,"column":0},"end":{"line":0,"column":0},"skip":true}},"branchMap":{"1":{"line":17,"type":"cond-expr","locations":[{"start":{"line":0,"column":0},"end":{"line":0,"column":0},"skip":true},{"start":{"line":0,"column":0},"end":{"line":0,"column":0},"skip":true}]},"2":{"line":17,"type":"binary-expr","locations":[{"start":{"line":0,"column":0},"end":{"line":0,"column":0},"skip":true},{"start":{"line":0,"column":0},"end":{"line":0,"column":0},"skip":true}]}},"code":["import template from './towers.html';","import controller from './towers.controller';","import './towers.scss';","","let towersComponent = {","  restrict: 'E',","  bindings: {},","  template,","  controller,","  controllerAs: 'vm'","};","","export default towersComponent;",""],"l":{"0":2,"1":1,"2":1,"3":1,"5":1}},
"/var/www/html/webpack/client/app/components/towers/towers.controller.js":{"path":"/var/www/html/webpack/client/app/components/towers/towers.controller.js","s":{"1":1,"2":1,"3":1,"4":1,"5":1,"6":1,"7":2,"8":1,"9":1,"10":4,"11":4,"12":4,"13":4,"14":4,"15":1,"16":4,"17":4,"18":4,"19":0,"20":0,"21":0,"22":0,"23":0,"24":0,"25":1,"26":1},"b":{"1":[2,0],"2":[2,2],"3":[0,0]},"f":{"1":2,"2":1,"3":4,"4":4,"5":4,"6":0,"7":0,"8":0},"fnMap":{"1":{"name":"_interopRequireDefault","line":15,"loc":{"start":{"line":0,"column":0},"end":{"line":0,"column":0},"skip":true},"skip":true},"2":{"name":"(anonymous_2)","line":17,"loc":{"start":{"line":0,"column":0},"end":{"line":0,"column":0},"skip":true},"skip":true},"3":{"name":"TowerController","line":18,"loc":{"start":{"line":2,"column":2},"end":{"line":2,"column":43}}},"4":{"name":"init","line":31,"loc":{"start":{"line":0,"column":0},"end":{"line":0,"column":0},"skip":true},"skip":true},"5":{"name":"getTowers","line":36,"loc":{"start":{"line":0,"column":0},"end":{"line":0,"column":0},"skip":true},"skip":true},"6":{"name":"(anonymous_6)","line":39,"loc":{"start":{"line":18,"column":12},"end":{"line":18,"column":26}}},"7":{"name":"(anonymous_7)","line":41,"loc":{"start":{"line":20,"column":19},"end":{"line":20,"column":28}}},"8":{"name":"(anonymous_8)","line":46,"loc":{"start":{"line":26,"column":13},"end":{"line":26,"column":13}}}},"statementMap":{"1":{"start":{"line":0,"column":0},"end":{"line":0,"column":0},"skip":true},"2":{"start":{"line":0,"column":0},"end":{"line":0,"column":0},"skip":true},"3":{"start":{"line":0,"column":0},"end":{"line":0,"column":0},"skip":true},"4":{"start":{"line":0,"column":0},"end":{"line":0,"column":0},"skip":true},"5":{"start":{"line":0,"column":0},"end":{"line":0,"column":0},"skip":true},"6":{"start":{"line":0,"column":0},"end":{"line":0,"column":0},"skip":true},"7":{"start":{"line":0,"column":0},"end":{"line":0,"column":0},"skip":true},"8":{"start":{"line":0,"column":0},"end":{"line":0,"column":0},"skip":true},"9":{"start":{"line":2,"column":2},"end":{"line":10,"column":3}},"10":{"start":{"line":3,"column":4},"end":{"line":3,"column":4}},"11":{"start":{"line":2,"column":43},"end":{"line":2,"column":43}},"12":{"start":{"line":5,"column":4},"end":{"line":5,"column":4}},"13":{"start":{"line":7,"column":4},"end":{"line":7,"column":4}},"14":{"start":{"line":9,"column":4},"end":{"line":9,"column":4}},"15":{"start":{"line":0,"column":0},"end":{"line":0,"column":0},"skip":true},"16":{"start":{"line":13,"column":4},"end":{"line":13,"column":4}},"17":{"start":{"line":16,"column":14},"end":{"line":16,"column":14}},"18":{"start":{"line":17,"column":4},"end":{"line":17,"column":4}},"19":{"start":{"line":19,"column":8},"end":{"line":19,"column":8}},"20":{"start":{"line":20,"column":8},"end":{"line":20,"column":8}},"21":{"start":{"line":21,"column":10},"end":{"line":21,"column":10}},"22":{"start":{"line":22,"column":10},"end":{"line":22,"column":10}},"23":{"start":{"line":24,"column":8},"end":{"line":24,"column":8}},"24":{"start":{"line":26,"column":13},"end":{"line":26,"column":13}},"25":{"start":{"line":0,"column":0},"end":{"line":0,"column":0},"skip":true},"26":{"start":{"line":0,"column":0},"end":{"line":0,"column":0},"skip":true}},"branchMap":{"1":{"line":15,"type":"cond-expr","locations":[{"start":{"line":0,"column":0},"end":{"line":0,"column":0},"skip":true},{"start":{"line":0,"column":0},"end":{"line":0,"column":0},"skip":true}]},"2":{"line":15,"type":"binary-expr","locations":[{"start":{"line":0,"column":0},"end":{"line":0,"column":0},"skip":true},{"start":{"line":0,"column":0},"end":{"line":0,"column":0},"skip":true}]},"3":{"line":42,"type":"cond-expr","locations":[{"start":{"line":21,"column":43},"end":{"line":21,"column":26}},{"start":{"line":21,"column":60},"end":{"line":21,"column":10}}]}},"code":["class TowerController {","  constructor(TowerFactory, NgTableParams) {","    'ngInject';","","    this.TowerFactory = TowerFactory;","","    this.towers = new NgTableParams({count: 10});","","    this.init();","  }","","  init() {","    this.getTowers();","  }","","  getTowers() {","    return this.TowerFactory.getTowers()","      .then((response) => {","        let towers = response.data;","        towers.map((obj) => {","          obj.name_sort = obj.tower_name ? obj.tower_name : 0;","          return obj;","        });","        this.towers.settings({ dataset: response.data });","      })","      .catch((error) => console.log(error));","  }","","}","","export default TowerController;",""],"l":{"0":2,"2":4,"3":4,"5":4,"7":4,"9":4,"13":4,"16":4,"17":4,"19":0,"20":0,"21":0,"22":0,"24":0,"26":0}}}
