TN:
SF:/var/www/html/webpack/spec.bundle.js
FN:11,_interopRequireDefault
FNF:1
FNH:1
FNDA:2,_interopRequireDefault
DA:0,2
DA:1,1
DA:4,1
DA:6,1
DA:8,1
LF:5
LH:5
BRDA:11,1,0,0
BRDA:11,1,1,2
BRDA:11,2,0,2
BRDA:11,2,1,2
BRF:4
BRH:4
end_of_record
TN:
SF:/var/www/html/webpack/client/app/components/achievement/achievement.js
FN:31,_interopRequireDefault
FN:33,(anonymous_2)
FNF:2
FNH:2
FNDA:6,_interopRequireDefault
FNDA:5,(anonymous_2)
DA:0,6
DA:1,1
DA:2,1
DA:3,1
DA:4,1
DA:5,1
DA:6,1
DA:8,1
DA:16,5
DA:17,5
LF:10
LH:10
BRDA:31,1,0,4
BRDA:31,1,1,2
BRDA:31,2,0,6
BRDA:31,2,1,6
BRF:4
BRH:4
end_of_record
TN:
SF:/var/www/html/webpack/client/app/components/achievement/achievement.component.js
FN:17,_interopRequireDefault
FNF:1
FNH:1
FNDA:2,_interopRequireDefault
DA:0,2
DA:1,1
DA:2,1
DA:3,1
DA:5,1
LF:5
LH:5
BRDA:17,1,0,1
BRDA:17,1,1,1
BRDA:17,2,0,2
BRDA:17,2,1,2
BRF:4
BRH:4
end_of_record
TN:
SF:/var/www/html/webpack/client/app/components/achievement/achievement.controller.js
FN:15,_interopRequireDefault
FN:17,(anonymous_2)
FN:18,AchievementController
FN:35,init
FN:40,getAchievements
FN:43,(anonymous_6)
FN:45,(anonymous_7)
FN:51,refresh
FN:56,(anonymous_9)
FN:60,(anonymous_10)
FN:68,(anonymous_11)
FNF:11
FNH:9
FNDA:2,_interopRequireDefault
FNDA:1,(anonymous_2)
FNDA:5,AchievementController
FNDA:7,init
FNDA:8,getAchievements
FNDA:1,(anonymous_6)
FNDA:0,(anonymous_7)
FNDA:2,refresh
FNDA:28,(anonymous_9)
FNDA:2,(anonymous_10)
FNDA:0,(anonymous_11)
DA:0,2
DA:2,5
DA:3,5
DA:5,5
DA:6,5
DA:8,5
DA:9,5
DA:13,5
DA:17,7
DA:20,8
DA:21,8
DA:22,1
DA:23,0
DA:26,2
DA:27,2
DA:29,28
DA:31,2
DA:33,2
DA:35,2
DA:36,1
DA:39,2
DA:41,0
LF:22
LH:20
BRDA:15,1,0,2
BRDA:15,1,1,0
BRDA:15,2,0,2
BRDA:15,2,1,2
BRDA:63,3,0,1
BRDA:63,3,1,1
BRF:6
BRH:6
end_of_record
TN:
SF:/var/www/html/webpack/client/app/directives/directives.js
FN:35,_interopRequireDefault
FN:37,(anonymous_2)
FN:39,(anonymous_3)
FN:41,(anonymous_4)
FN:43,(anonymous_5)
FN:45,(anonymous_6)
FN:47,(anonymous_7)
FNF:7
FNH:1
FNDA:7,_interopRequireDefault
FNDA:0,(anonymous_2)
FNDA:0,(anonymous_3)
FNDA:0,(anonymous_4)
FNDA:0,(anonymous_5)
FNDA:0,(anonymous_6)
FNDA:0,(anonymous_7)
DA:0,7
DA:1,1
DA:2,1
DA:3,1
DA:4,1
DA:5,1
DA:6,1
DA:7,1
DA:9,1
DA:11,0
DA:12,0
DA:13,0
DA:14,0
DA:15,0
DA:16,0
LF:15
LH:9
BRDA:35,1,0,7
BRDA:35,1,1,0
BRDA:35,2,0,7
BRDA:35,2,1,7
BRF:4
BRH:4
end_of_record
TN:
SF:/var/www/html/webpack/client/app/directives/calendar.directive.js
FN:21,_interopRequireDefault
FN:24,CalendarController
FN:38,getDaysInMonth
FN:44,(anonymous_4)
FN:57,range
FN:61,prevMonth
FN:66,nextMonth
FN:71,initCalendar
FN:74,(anonymous_9)
FN:76,(anonymous_10)
FN:80,(anonymous_11)
FN:82,(anonymous_12)
FN:88,handleData
FN:89,(anonymous_14)
FN:90,(anonymous_15)
FN:98,(anonymous_16)
FN:106,handleNewMoons
FN:109,(anonymous_18)
FN:113,(anonymous_19)
FN:114,(anonymous_20)
FN:127,calendar
FNF:21
FNH:1
FNDA:3,_interopRequireDefault
FNDA:0,CalendarController
FNDA:0,getDaysInMonth
FNDA:0,(anonymous_4)
FNDA:0,range
FNDA:0,prevMonth
FNDA:0,nextMonth
FNDA:0,initCalendar
FNDA:0,(anonymous_9)
FNDA:0,(anonymous_10)
FNDA:0,(anonymous_11)
FNDA:0,(anonymous_12)
FNDA:0,handleData
FNDA:0,(anonymous_14)
FNDA:0,(anonymous_15)
FNDA:0,(anonymous_16)
FNDA:0,handleNewMoons
FNDA:0,(anonymous_18)
FNDA:0,(anonymous_19)
FNDA:0,(anonymous_20)
FNDA:0,calendar
DA:0,3
DA:1,1
DA:2,1
DA:3,1
DA:5,1
DA:6,1
DA:8,0
DA:10,0
DA:11,0
DA:12,0
DA:14,0
DA:15,0
DA:16,0
DA:18,0
DA:20,1
DA:21,0
DA:22,0
DA:23,0
DA:24,0
DA:26,0
DA:27,0
DA:36,0
DA:39,1
DA:40,0
DA:43,1
DA:44,0
DA:45,0
DA:48,1
DA:49,0
DA:50,0
DA:53,1
DA:54,0
DA:56,0
DA:58,0
DA:61,0
DA:64,0
DA:65,0
DA:66,0
DA:70,1
DA:71,0
DA:72,0
DA:74,0
DA:75,0
DA:78,0
DA:79,0
DA:80,0
DA:86,1
DA:88,0
DA:89,0
DA:91,0
DA:92,0
DA:94,0
DA:95,0
DA:98,0
DA:106,0
DA:107,0
DA:108,0
DA:109,0
DA:110,0
DA:111,0
LF:60
LH:13
BRDA:21,1,0,1
BRDA:21,1,1,2
BRDA:21,2,0,3
BRDA:21,2,1,3
BRDA:94,3,0,0
BRDA:94,3,1,0
BRDA:118,4,0,0
BRDA:118,4,1,0
BRF:8
BRH:4
end_of_record
TN:
SF:/var/www/html/webpack/client/app/directives/graph.directive.js
FN:19,_interopRequireDefault
FN:21,(anonymous_2)
FN:22,Graph
FN:44,linkFunc
FN:61,directiveFactory
FNF:5
FNH:4
FNDA:3,_interopRequireDefault
FNDA:1,(anonymous_2)
FNDA:0,Graph
FNDA:0,linkFunc
FNDA:0,directiveFactory
DA:0,3
DA:1,1
DA:4,1
DA:5,0
DA:6,0
DA:7,0
DA:8,0
DA:17,0
DA:19,0
DA:23,0
DA:24,0
DA:26,0
DA:27,0
DA:29,0
DA:30,0
DA:32,0
DA:35,0
DA:39,0
DA:40,0
DA:43,1
LF:20
LH:4
BRDA:19,1,0,2
BRDA:19,1,1,1
BRDA:19,2,0,3
BRDA:19,2,1,3
BRDA:46,3,0,0
BRDA:46,3,1,0
BRDA:46,3,2,0
BRF:7
BRH:4
end_of_record
TN:
SF:/var/www/html/webpack/client/app/directives/achievement.directive.js
FN:19,_interopRequireDefault
FN:21,(anonymous_2)
FN:22,Achievement
FN:35,linkFunc
FNF:4
FNH:3
FNDA:3,_interopRequireDefault
FNDA:1,(anonymous_2)
FNDA:0,Achievement
FNDA:0,linkFunc
DA:0,3
DA:1,1
DA:4,1
DA:5,0
DA:6,0
DA:7,0
DA:8,0
DA:14,0
DA:15,0
LF:9
LH:3
BRDA:19,1,0,2
BRDA:19,1,1,1
BRDA:19,2,0,3
BRDA:19,2,1,3
BRDA:36,3,0,0
BRDA:36,3,1,0
BRF:6
BRH:4
end_of_record
TN:
SF:/var/www/html/webpack/client/app/directives/hall-of-fame.directive.js
FN:15,_interopRequireDefault
FN:17,HallOfFame
FNF:2
FNH:1
FNDA:2,_interopRequireDefault
FNDA:0,HallOfFame
DA:0,2
DA:1,1
DA:4,0
DA:5,0
DA:7,0
DA:8,0
DA:9,0
LF:7
LH:2
BRDA:15,1,0,1
BRDA:15,1,1,1
BRDA:15,2,0,2
BRDA:15,2,1,2
BRF:4
BRH:4
end_of_record
TN:
SF:/var/www/html/webpack/client/app/directives/medal.directive.js
FN:15,_interopRequireDefault
FN:17,(anonymous_2)
FN:18,Medal
FN:31,link
FNF:4
FNH:3
FNDA:2,_interopRequireDefault
FNDA:1,(anonymous_2)
FNDA:0,Medal
FNDA:0,link
DA:0,2
DA:2,1
DA:3,0
DA:4,0
DA:5,0
DA:6,0
DA:12,0
DA:13,0
DA:14,0
DA:15,0
LF:10
LH:2
BRDA:15,1,0,2
BRDA:15,1,1,0
BRDA:15,2,0,2
BRDA:15,2,1,2
BRDA:32,3,0,0
BRDA:32,3,1,0
BRDA:32,3,2,0
BRDA:32,3,3,0
BRF:8
BRH:4
end_of_record
TN:
SF:/var/www/html/webpack/client/app/directives/popup.directive.js
FN:15,_interopRequireDefault
FN:17,(anonymous_2)
FN:18,Popup
FN:32,link
FNF:4
FNH:3
FNDA:2,_interopRequireDefault
FNDA:1,(anonymous_2)
FNDA:0,Popup
FNDA:0,link
DA:0,2
DA:2,1
DA:3,0
DA:4,0
DA:13,0
DA:15,0
DA:16,0
DA:18,0
DA:19,0
DA:22,0
DA:23,0
DA:26,0
DA:27,0
DA:30,0
LF:14
LH:2
BRDA:15,1,0,2
BRDA:15,1,1,0
BRDA:15,2,0,2
BRDA:15,2,1,2
BRDA:35,3,0,0
BRDA:35,3,1,0
BRDA:38,4,0,0
BRDA:38,4,1,0
BRDA:46,5,0,0
BRDA:46,5,1,0
BRF:10
BRH:4
end_of_record
TN:
SF:/var/www/html/webpack/client/app/directives/spinner.directive.js
FN:11,_interopRequireDefault
FN:13,Spinner
FNF:2
FNH:1
FNDA:1,_interopRequireDefault
FNDA:0,Spinner
DA:0,1
DA:2,0
DA:3,0
DA:4,0
DA:5,0
LF:5
LH:1
BRDA:11,1,0,1
BRDA:11,1,1,0
BRDA:11,2,0,1
BRDA:11,2,1,1
BRF:4
BRH:4
end_of_record
TN:
SF:/var/www/html/webpack/client/app/services/services.js
FN:59,_interopRequireDefault
FN:61,(anonymous_2)
FN:63,(anonymous_3)
FN:65,(anonymous_4)
FN:67,(anonymous_5)
FN:69,(anonymous_6)
FN:71,(anonymous_7)
FNF:7
FNH:6
FNDA:13,_interopRequireDefault
FNDA:1,(anonymous_2)
FNDA:20,(anonymous_3)
FNDA:9,(anonymous_4)
FNDA:7,(anonymous_5)
FNDA:0,(anonymous_6)
FNDA:20,(anonymous_7)
DA:0,13
DA:1,1
DA:3,1
DA:4,1
DA:5,1
DA:6,1
DA:7,1
DA:8,1
DA:9,1
DA:10,1
DA:11,1
DA:12,1
DA:13,1
DA:14,1
DA:19,1
DA:20,20
DA:21,9
DA:22,7
DA:23,0
DA:24,20
LF:20
LH:19
BRDA:59,1,0,12
BRDA:59,1,1,1
BRDA:59,2,0,13
BRDA:59,2,1,13
BRF:4
BRH:4
end_of_record
TN:
SF:/var/www/html/webpack/client/app/services/me.factory.js
FN:15,_interopRequireDefault
FN:17,(anonymous_2)
FN:18,MeFactory
FN:30,getClaims
FN:38,getLatestClaimedTower
FNF:5
FNH:5
FNDA:2,_interopRequireDefault
FNDA:1,(anonymous_2)
FNDA:1,MeFactory
FNDA:1,getClaims
FNDA:1,getLatestClaimedTower
DA:0,2
DA:2,1
DA:3,1
DA:4,1
DA:6,1
DA:7,1
DA:11,1
DA:12,0
DA:14,1
DA:18,1
LF:10
LH:9
BRDA:15,1,0,2
BRDA:15,1,1,0
BRDA:15,2,0,2
BRDA:15,2,1,2
BRDA:31,3,0,0
BRDA:31,3,1,1
BRDA:31,4,0,1
BRDA:31,4,1,0
BRF:8
BRH:6
end_of_record
TN:
SF:/var/www/html/webpack/client/app/services/tower.factory.js
FN:15,_interopRequireDefault
FN:19,(anonymous_2)
FN:20,TowerFactory
FN:30,getTowers
FN:38,findById
FN:43,getLeaderboard
FN:51,getLeaderboardTowerBuilder
FN:59,getLeaderboardMoons
FN:66,getStats
FN:74,getTopLeaderboard
FN:79,getFirstInCountry
FNF:11
FNH:11
FNDA:2,_interopRequireDefault
FNDA:1,(anonymous_2)
FNDA:20,TowerFactory
FNDA:7,getTowers
FNDA:0,findById
FNDA:2,getLeaderboard
FNDA:0,getLeaderboardTowerBuilder
FNDA:2,getLeaderboardMoons
FNDA:0,getStats
FNDA:0,getTopLeaderboard
FNDA:0,getFirstInCountry
DA:0,2
DA:1,1
DA:5,20
DA:6,20
DA:7,20
DA:8,20
DA:12,7
DA:13,0
DA:15,7
DA:19,0
DA:23,2
DA:24,0
DA:26,2
DA:30,0
DA:31,0
DA:33,0
DA:37,2
DA:38,0
DA:40,2
DA:44,0
DA:45,0
DA:47,0
DA:51,0
DA:55,0
LF:24
LH:12
BRDA:15,1,0,2
BRDA:15,1,1,0
BRDA:15,2,0,2
BRDA:15,2,1,2
BRDA:31,3,0,0
BRDA:31,3,1,7
BRDA:31,4,0,7
BRDA:31,4,1,0
BRDA:44,5,0,0
BRDA:44,5,1,2
BRDA:44,6,0,2
BRDA:44,6,1,0
BRDA:52,7,0,0
BRDA:52,7,1,0
BRDA:52,8,0,0
BRDA:52,8,1,0
BRDA:60,9,0,0
BRDA:60,9,1,2
BRDA:67,10,0,0
BRDA:67,10,1,0
BRDA:67,11,0,0
BRDA:67,11,1,0
BRF:22
BRH:9
end_of_record
TN:
SF:/var/www/html/webpack/client/app/services/achievement.factory.js
FN:15,_interopRequireDefault
FN:19,(anonymous_2)
FN:20,AchievementFactory
FN:28,getAchievements
FN:36,refresh
FNF:5
FNH:4
FNDA:2,_interopRequireDefault
FNDA:1,(anonymous_2)
FNDA:0,AchievementFactory
FNDA:0,getAchievements
FNDA:0,refresh
DA:0,2
DA:1,1
DA:5,1
DA:6,0
DA:10,0
DA:15,0
LF:6
LH:3
BRDA:15,1,0,2
BRDA:15,1,1,0
BRDA:15,2,0,2
BRDA:15,2,1,2
BRF:4
BRH:4
end_of_record
TN:
SF:/var/www/html/webpack/client/app/services/moon.factory.js
FN:15,_interopRequireDefault
FN:19,(anonymous_2)
FN:20,MoonFactory
FN:30,getNewMoons
FNF:4
FNH:4
FNDA:2,_interopRequireDefault
FNDA:1,(anonymous_2)
FNDA:9,MoonFactory
FNDA:3,getNewMoons
DA:0,2
DA:1,1
DA:5,9
DA:6,9
DA:7,9
DA:8,9
DA:12,3
LF:7
LH:7
BRDA:15,1,0,2
BRDA:15,1,1,0
BRDA:15,2,0,2
BRDA:15,2,1,2
BRF:4
BRH:4
end_of_record
TN:
SF:/var/www/html/webpack/client/app/services/data.factory.js
FN:19,_interopRequireWildcard
FN:21,_interopRequireDefault
FN:23,(anonymous_3)
FN:24,DataFactory
FN:33,attatchMetaToClaims
FN:36,(anonymous_6)
FN:37,(anonymous_7)
FN:38,(anonymous_8)
FN:47,(anonymous_9)
FN:58,handleCitiesWithMostTowers
FN:59,(anonymous_11)
FN:65,(anonymous_12)
FN:79,handleTowersPlayerCount
FN:81,(anonymous_14)
FN:94,(anonymous_15)
FN:96,(anonymous_16)
FN:97,(anonymous_17)
FN:100,(anonymous_18)
FN:128,handleTowersTopClaimed
FN:130,(anonymous_20)
FN:143,(anonymous_21)
FN:145,(anonymous_22)
FN:146,(anonymous_23)
FN:149,(anonymous_24)
FN:180,handleMostGeldBonus
FN:182,(anonymous_26)
FN:192,(anonymous_27)
FN:207,handleMostTowersBuilt
FN:209,(anonymous_29)
FN:219,(anonymous_30)
FN:234,handleMostGeldCollected
FN:236,(anonymous_32)
FN:246,(anonymous_33)
FN:261,handleTopClaims
FN:263,(anonymous_35)
FN:272,(anonymous_36)
FNF:36
FNH:14
FNDA:1,_interopRequireWildcard
FNDA:2,_interopRequireDefault
FNDA:1,(anonymous_3)
FNDA:7,DataFactory
FNDA:3,attatchMetaToClaims
FNDA:1,(anonymous_6)
FNDA:3,(anonymous_7)
FNDA:0,(anonymous_8)
FNDA:0,(anonymous_9)
FNDA:0,handleCitiesWithMostTowers
FNDA:0,(anonymous_11)
FNDA:0,(anonymous_12)
FNDA:0,handleTowersPlayerCount
FNDA:0,(anonymous_14)
FNDA:0,(anonymous_15)
FNDA:0,(anonymous_16)
FNDA:0,(anonymous_17)
FNDA:0,(anonymous_18)
FNDA:0,handleTowersTopClaimed
FNDA:0,(anonymous_20)
FNDA:0,(anonymous_21)
FNDA:0,(anonymous_22)
FNDA:0,(anonymous_23)
FNDA:0,(anonymous_24)
FNDA:0,handleMostGeldBonus
FNDA:0,(anonymous_26)
FNDA:0,(anonymous_27)
FNDA:0,handleMostTowersBuilt
FNDA:0,(anonymous_29)
FNDA:0,(anonymous_30)
FNDA:0,handleMostGeldCollected
FNDA:0,(anonymous_32)
FNDA:0,(anonymous_33)
FNDA:0,handleTopClaims
FNDA:0,(anonymous_35)
FNDA:0,(anonymous_36)
DA:0,134
DA:1,1
DA:5,7
DA:6,7
DA:7,7
DA:11,3
DA:13,3
DA:15,1
DA:16,3
DA:18,3
DA:19,3
DA:22,1
DA:24,0
DA:26,3
DA:31,0
DA:33,0
DA:40,0
DA:41,0
DA:47,0
DA:53,0
DA:54,0
DA:55,0
DA:56,0
DA:60,0
DA:62,0
DA:63,0
DA:64,0
DA:66,0
DA:67,0
DA:69,0
DA:72,0
DA:75,0
DA:76,0
DA:77,0
DA:80,0
DA:84,0
DA:87,0
DA:88,0
DA:93,0
DA:102,0
DA:103,0
DA:104,0
DA:105,0
DA:109,0
DA:111,0
DA:112,0
DA:113,0
DA:115,0
DA:116,0
DA:118,0
DA:121,0
DA:124,0
DA:125,0
DA:126,0
DA:129,0
DA:133,0
DA:136,0
DA:137,0
DA:141,0
DA:151,0
DA:154,0
DA:156,0
DA:157,0
DA:159,0
DA:160,0
DA:161,0
DA:164,0
DA:173,0
DA:176,0
DA:178,0
DA:179,0
DA:181,0
DA:182,0
DA:183,0
DA:186,0
DA:195,0
DA:198,0
DA:200,0
DA:201,0
DA:203,0
DA:204,0
DA:205,0
DA:208,0
DA:217,0
DA:220,0
DA:222,0
DA:223,0
DA:224,0
DA:225,0
DA:226,0
DA:229,0
LF:91
LH:13
BRDA:19,1,0,0
BRDA:19,1,1,1
BRDA:19,2,0,1
BRDA:19,2,1,1
BRDA:19,3,0,1
BRDA:19,3,1,0
BRDA:19,4,0,134
BRDA:19,4,1,0
BRDA:21,5,0,2
BRDA:21,5,1,0
BRDA:21,6,0,2
BRDA:21,6,1,2
BRDA:82,7,0,0
BRDA:82,7,1,0
BRDA:83,8,0,0
BRDA:83,8,1,0
BRDA:105,9,0,0
BRDA:105,9,1,0
BRDA:106,10,0,0
BRDA:106,10,1,0
BRDA:131,11,0,0
BRDA:131,11,1,0
BRDA:132,12,0,0
BRDA:132,12,1,0
BRDA:154,13,0,0
BRDA:154,13,1,0
BRDA:155,14,0,0
BRDA:155,14,1,0
BRF:28
BRH:12
end_of_record
TN:
SF:/var/www/html/webpack/client/app/services/datacache.factory.js
FN:15,_interopRequireDefault
FN:17,(anonymous_2)
FN:18,DataCache
FN:26,get
FNF:4
FNH:4
FNDA:2,_interopRequireDefault
FNDA:1,(anonymous_2)
FNDA:20,DataCache
FNDA:30,get
DA:0,2
DA:2,20
DA:3,20
DA:7,30
DA:8,1
DA:16,30
LF:6
LH:6
BRDA:15,1,0,2
BRDA:15,1,1,0
BRDA:15,2,0,2
BRDA:15,2,1,2
BRDA:27,3,0,1
BRDA:27,3,1,29
BRF:6
BRH:6
end_of_record
TN:
SF:/var/www/html/webpack/client/app/services/error.factory.js
FN:6,ErrorFactory
FN:11,addErrorMessage
FN:15,getErrorMessages
FNF:3
FNH:0
FNDA:0,ErrorFactory
FNDA:0,addErrorMessage
FNDA:0,getErrorMessages
DA:0,1
DA:1,1
DA:2,0
DA:4,0
DA:6,0
DA:7,0
DA:10,0
DA:11,0
DA:12,0
DA:13,0
DA:16,0
LF:11
LH:2
BRF:0
BRH:0
end_of_record
TN:
SF:/var/www/html/webpack/client/app/services/auth.service.js
FN:15,_interopRequireDefault
FN:19,(anonymous_2)
FN:20,AuthService
FN:34,setAuthed
FN:41,getAuthed
FN:46,auth
FNF:6
FNH:5
FNDA:2,_interopRequireDefault
FNDA:1,(anonymous_2)
FNDA:0,AuthService
FNDA:0,setAuthed
FNDA:0,getAuthed
FNDA:0,auth
DA:0,2
DA:1,1
DA:5,1
DA:6,0
DA:8,0
DA:9,0
DA:11,0
DA:13,0
DA:14,0
DA:18,0
DA:19,0
DA:21,0
DA:25,0
DA:29,0
LF:14
LH:3
BRDA:15,1,0,2
BRDA:15,1,1,0
BRDA:15,2,0,2
BRDA:15,2,1,2
BRDA:29,3,0,0
BRDA:29,3,1,0
BRDA:35,4,0,0
BRDA:35,4,1,0
BRF:8
BRH:4
end_of_record
TN:
SF:/var/www/html/webpack/client/app/services/map.service.js
FN:15,_interopRequireDefault
FN:19,(anonymous_2)
FN:20,MapService
FN:31,getMap
FNF:4
FNH:4
FNDA:2,_interopRequireDefault
FNDA:1,(anonymous_2)
FNDA:10,MapService
FNDA:1,getMap
DA:0,2
DA:1,1
DA:4,10
DA:5,10
DA:10,1
DA:11,1
DA:13,0
LF:7
LH:6
BRDA:15,1,0,2
BRDA:15,1,1,0
BRDA:15,2,0,2
BRDA:15,2,1,2
BRDA:32,3,0,1
BRDA:32,3,1,0
BRDA:32,4,0,1
BRDA:32,4,1,1
BRF:8
BRH:7
end_of_record
TN:
SF:/var/www/html/webpack/client/app/services/date.service.js
FN:21,_interopRequireDefault
FN:23,(anonymous_2)
FN:24,DateService
FN:30,getDaysInWeek
FN:36,(anonymous_5)
FNF:5
FNH:5
FNDA:3,_interopRequireDefault
FNDA:1,(anonymous_2)
FNDA:7,DateService
FNDA:3,getDaysInWeek
FNDA:21,(anonymous_5)
DA:0,3
DA:1,1
DA:2,1
DA:5,7
DA:10,3
DA:11,3
DA:12,3
DA:13,3
DA:15,3
DA:16,21
DA:19,3
LF:11
LH:11
BRDA:21,1,0,2
BRDA:21,1,1,1
BRDA:21,2,0,3
BRDA:21,2,1,3
BRF:4
BRH:4
end_of_record
TN:
SF:/var/www/html/webpack/client/app/services/graph-filter.service.js
FN:19,_interopRequireDefault
FN:21,(anonymous_2)
FN:22,GraphFilter
FN:31,applyFilter
FN:113,getFilterOptions
FN:119,getYearOptions
FN:125,getGraphData
FN:128,graphOnClick
FNF:8
FNH:6
FNDA:3,_interopRequireDefault
FNDA:1,(anonymous_2)
FNDA:0,GraphFilter
FNDA:0,applyFilter
FNDA:0,getFilterOptions
FNDA:0,getYearOptions
FNDA:0,getGraphData
FNDA:0,graphOnClick
DA:0,3
DA:1,1
DA:5,1
DA:6,0
DA:8,0
DA:13,0
DA:14,0
DA:16,0
DA:18,0
DA:19,0
DA:21,0
DA:22,0
DA:23,0
DA:26,0
DA:27,0
DA:29,0
DA:32,0
DA:33,0
DA:35,0
DA:38,0
DA:39,0
DA:41,0
DA:44,0
DA:45,0
DA:47,0
DA:50,0
DA:51,0
DA:59,0
DA:60,0
DA:62,0
DA:66,0
DA:67,0
DA:69,0
DA:70,0
DA:72,0
DA:73,0
DA:81,0
DA:87,0
DA:94,0
DA:104,0
DA:108,0
DA:114,0
DA:118,0
DA:120,0
DA:121,0
DA:122,0
DA:123,0
DA:125,0
DA:127,0
DA:128,0
DA:130,0
DA:131,0
DA:135,0
DA:146,0
LF:54
LH:3
BRDA:19,1,0,2
BRDA:19,1,1,1
BRDA:19,2,0,3
BRDA:19,2,1,3
BRDA:36,3,0,0
BRDA:36,3,1,0
BRDA:36,3,2,0
BRDA:36,3,3,0
BRDA:36,3,4,0
BRDA:36,3,5,0
BRDA:36,3,6,0
BRDA:36,3,7,0
BRDA:36,3,8,0
BRDA:70,4,0,0
BRDA:70,4,1,0
BRDA:86,5,0,0
BRDA:86,5,1,0
BRDA:86,6,0,0
BRDA:86,6,1,0
BRDA:91,7,0,0
BRDA:91,7,1,0
BRDA:130,8,0,0
BRDA:130,8,1,0
BRDA:134,9,0,0
BRDA:134,9,1,0
BRF:25
BRH:4
end_of_record
TN:
SF:/var/www/html/webpack/client/app/services/language.service.js
FN:15,_interopRequireDefault
FN:17,(anonymous_2)
FN:18,LanguageService
FN:28,setLanguage
FNF:4
FNH:3
FNDA:2,_interopRequireDefault
FNDA:1,(anonymous_2)
FNDA:0,LanguageService
FNDA:0,setLanguage
DA:0,2
DA:2,1
DA:3,0
DA:5,0
DA:6,0
DA:10,0
DA:11,0
LF:7
LH:2
BRDA:15,1,0,2
BRDA:15,1,1,0
BRDA:15,2,0,2
BRDA:15,2,1,2
BRF:4
BRH:4
end_of_record
TN:
SF:/var/www/html/webpack/client/app/components/hall-of-fame/hall-of-fame.js
FN:23,_interopRequireDefault
FN:25,(anonymous_2)
FNF:2
FNH:2
FNDA:4,_interopRequireDefault
FNDA:4,(anonymous_2)
DA:0,4
DA:1,1
DA:2,1
DA:3,1
DA:4,1
DA:6,1
DA:12,4
DA:13,4
LF:8
LH:8
BRDA:23,1,0,3
BRDA:23,1,1,1
BRDA:23,2,0,4
BRDA:23,2,1,4
BRF:4
BRH:4
end_of_record
TN:
SF:/var/www/html/webpack/client/app/components/hall-of-fame/hall-of-fame.component.js
FN:17,_interopRequireDefault
FNF:1
FNH:1
FNDA:2,_interopRequireDefault
DA:0,2
DA:1,1
DA:2,1
DA:3,1
DA:5,1
LF:5
LH:5
BRDA:17,1,0,1
BRDA:17,1,1,1
BRDA:17,2,0,2
BRDA:17,2,1,2
BRF:4
BRH:4
end_of_record
TN:
SF:/var/www/html/webpack/client/app/components/hall-of-fame/hall-of-fame.controller.js
FN:15,_interopRequireDefault
FN:17,(anonymous_2)
FN:18,HallOfFameController
FN:30,init
FN:33,(anonymous_5)
FN:35,(anonymous_6)
FNF:6
FNH:5
FNDA:2,_interopRequireDefault
FNDA:1,(anonymous_2)
FNDA:4,HallOfFameController
FNDA:5,init
FNDA:1,(anonymous_5)
FNDA:0,(anonymous_6)
DA:0,2
DA:2,4
DA:3,4
DA:5,4
DA:6,4
DA:8,4
DA:11,5
DA:12,5
DA:13,1
DA:14,0
LF:10
LH:9
BRDA:15,1,0,2
BRDA:15,1,1,0
BRDA:15,2,0,2
BRDA:15,2,1,2
BRF:4
BRH:4
end_of_record
TN:
SF:/var/www/html/webpack/client/app/components/leaderboard/leaderboard.js
FN:39,_interopRequireDefault
FN:41,(anonymous_2)
FNF:2
FNH:2
FNDA:8,_interopRequireDefault
FNDA:10,(anonymous_2)
DA:0,8
DA:1,1
DA:2,1
DA:3,1
DA:4,1
DA:5,1
DA:6,1
DA:7,1
DA:8,1
DA:10,1
DA:18,10
DA:19,10
LF:12
LH:12
BRDA:39,1,0,3
BRDA:39,1,1,5
BRDA:39,2,0,8
BRDA:39,2,1,8
BRF:4
BRH:4
end_of_record
TN:
SF:/var/www/html/webpack/client/app/components/leaderboard/leaderboard.component.js
FN:17,_interopRequireDefault
FNF:1
FNH:1
FNDA:2,_interopRequireDefault
DA:0,2
DA:1,1
DA:2,1
DA:3,1
DA:5,1
LF:5
LH:5
BRDA:17,1,0,1
BRDA:17,1,1,1
BRDA:17,2,0,2
BRDA:17,2,1,2
BRF:4
BRH:4
end_of_record
TN:
SF:/var/www/html/webpack/client/app/components/leaderboard/leaderboard.controller.js
FN:19,_interopRequireDefault
FN:21,(anonymous_2)
FN:22,LeaderboardController
FN:40,(anonymous_4)
FN:42,(anonymous_5)
FN:51,init
FN:65,setSort
FN:70,sort
FN:75,(anonymous_9)
FN:85,getLeaderboard
FN:88,(anonymous_11)
FN:90,(anonymous_12)
FN:92,(anonymous_13)
FN:98,loadNewMoons
FN:101,(anonymous_15)
FN:105,(anonymous_16)
FN:111,(anonymous_17)
FN:117,getLeaderboardMoons
FN:125,(anonymous_19)
FN:135,(anonymous_20)
FN:141,selectNewMoon
FNF:21
FNH:18
FNDA:3,_interopRequireDefault
FNDA:1,(anonymous_2)
FNDA:9,LeaderboardController
FNDA:34,(anonymous_4)
FNDA:9,(anonymous_5)
FNDA:12,init
FNDA:0,setSort
FNDA:1,sort
FNDA:40,(anonymous_9)
FNDA:2,getLeaderboard
FNDA:1,(anonymous_11)
FNDA:1,(anonymous_12)
FNDA:0,(anonymous_13)
FNDA:3,loadNewMoons
FNDA:1,(anonymous_15)
FNDA:63,(anonymous_16)
FNDA:0,(anonymous_17)
FNDA:5,getLeaderboardMoons
FNDA:2,(anonymous_19)
FNDA:0,(anonymous_20)
FNDA:0,selectNewMoon
DA:0,3
DA:2,9
DA:3,9
DA:5,9
DA:6,9
DA:7,9
DA:9,9
DA:12,9
DA:13,9
DA:14,9
DA:15,9
DA:17,34
DA:18,9
DA:20,9
DA:25,12
DA:27,2
DA:28,2
DA:29,2
DA:32,1
DA:33,1
DA:38,0
DA:42,1
DA:45,1
DA:46,1
DA:47,40
DA:48,40
DA:52,1
DA:55,2
DA:56,2
DA:57,1
DA:58,1
DA:59,0
DA:62,3
DA:63,3
DA:65,1
DA:66,1
DA:67,1
DA:68,1
DA:69,63
DA:70,63
DA:73,1
DA:75,0
DA:78,5
DA:79,5
DA:80,3
DA:81,3
DA:84,2
DA:86,2
DA:87,1
DA:88,1
DA:89,1
DA:90,1
DA:92,0
DA:95,1
DA:98,0
DA:102,0
DA:103,0
LF:57
LH:50
BRDA:19,1,0,3
BRDA:19,1,1,0
BRDA:19,2,0,3
BRDA:19,2,1,3
BRDA:52,3,0,2
BRDA:52,3,1,1
BRDA:71,4,0,1
BRDA:71,4,1,0
BRDA:74,5,0,1
BRDA:74,5,1,0
BRDA:107,6,0,63
BRDA:107,6,1,15
BRDA:120,7,0,3
BRDA:120,7,1,2
BRDA:126,8,0,1
BRDA:126,8,1,1
BRDA:127,9,0,1
BRDA:127,9,1,0
BRDA:142,10,0,0
BRDA:142,10,1,0
BRF:20
BRH:15
end_of_record
TN:
SF:/var/www/html/webpack/client/app/components/login/login.js
FN:31,_interopRequireDefault
FN:33,(anonymous_2)
FNF:2
FNH:2
FNDA:6,_interopRequireDefault
FNDA:4,(anonymous_2)
DA:0,6
DA:1,1
DA:2,1
DA:3,1
DA:4,1
DA:5,1
DA:6,1
DA:8,1
DA:16,4
DA:17,4
LF:10
LH:10
BRDA:31,1,0,3
BRDA:31,1,1,3
BRDA:31,2,0,6
BRDA:31,2,1,6
BRF:4
BRH:4
end_of_record
TN:
SF:/var/www/html/webpack/client/app/components/login/login.component.js
FN:17,_interopRequireDefault
FNF:1
FNH:1
FNDA:2,_interopRequireDefault
DA:0,2
DA:1,1
DA:2,1
DA:3,1
DA:5,1
LF:5
LH:5
BRDA:17,1,0,1
BRDA:17,1,1,1
BRDA:17,2,0,2
BRDA:17,2,1,2
BRF:4
BRH:4
end_of_record
TN:
SF:/var/www/html/webpack/client/app/components/login/login.controller.js
FN:19,_interopRequireDefault
FN:21,(anonymous_2)
FN:22,LoginController
FN:36,redirectIfAuthed
FN:44,submitApiKey
FN:49,(anonymous_6)
FN:61,(anonymous_7)
FNF:7
FNH:7
FNDA:3,_interopRequireDefault
FNDA:1,(anonymous_2)
FNDA:4,LoginController
FNDA:6,redirectIfAuthed
FNDA:2,submitApiKey
FNDA:1,(anonymous_6)
FNDA:1,(anonymous_7)
DA:0,3
DA:2,4
DA:3,4
DA:5,4
DA:6,4
DA:7,4
DA:8,4
DA:10,4
DA:14,6
DA:15,5
DA:16,5
DA:20,2
DA:21,2
DA:23,2
DA:25,1
DA:26,0
DA:29,1
DA:30,1
DA:31,1
DA:32,1
DA:34,1
DA:35,1
DA:38,1
DA:39,1
LF:24
LH:23
BRDA:19,1,0,3
BRDA:19,1,1,0
BRDA:19,2,0,3
BRDA:19,2,1,3
BRDA:37,3,0,5
BRDA:37,3,1,1
BRDA:50,4,0,0
BRDA:50,4,1,1
BRF:8
BRH:7
end_of_record
TN:
SF:/var/www/html/webpack/client/app/components/me/me.js
FN:45,_interopRequireDefault
FN:47,(anonymous_2)
FNF:2
FNH:2
FNDA:8,_interopRequireDefault
FNDA:8,(anonymous_2)
DA:0,8
DA:1,1
DA:2,1
DA:3,1
DA:4,1
DA:5,1
DA:6,1
DA:7,1
DA:8,1
DA:9,1
DA:10,1
DA:11,1
DA:13,1
DA:23,8
DA:24,8
LF:15
LH:15
BRDA:45,1,0,4
BRDA:45,1,1,4
BRDA:45,2,0,8
BRDA:45,2,1,8
BRF:4
BRH:4
end_of_record
TN:
SF:/var/www/html/webpack/client/app/components/me/me.component.js
FN:17,_interopRequireDefault
FNF:1
FNH:1
FNDA:2,_interopRequireDefault
DA:0,2
DA:1,1
DA:2,1
DA:3,1
DA:5,1
LF:5
LH:5
BRDA:17,1,0,1
BRDA:17,1,1,1
BRDA:17,2,0,2
BRDA:17,2,1,2
BRF:4
BRH:4
end_of_record
TN:
SF:/var/www/html/webpack/client/app/components/me/me.controller.js
FN:27,_interopRequireWildcard
FN:29,_interopRequireDefault
FN:31,(anonymous_3)
FN:32,MeController
FN:121,(anonymous_5)
FN:123,(anonymous_6)
FN:132,init
FN:141,getClaims
FN:144,(anonymous_9)
FN:145,(anonymous_10)
FN:148,(anonymous_11)
FN:156,(anonymous_12)
FN:165,getLatestClaimedTower
FN:168,(anonymous_14)
FN:178,(anonymous_15)
FN:182,(anonymous_16)
FN:191,(anonymous_17)
FN:200,getClaimsPerHour
FN:205,(anonymous_19)
FN:210,(anonymous_20)
FN:231,paginate
FN:245,sortBy
FN:250,(anonymous_23)
FN:262,getClaimsPerWeekDay
FN:264,(anonymous_25)
FN:271,(anonymous_26)
FN:277,(anonymous_27)
FN:288,getDaysWithMostClaims
FN:293,(anonymous_29)
FN:301,(anonymous_30)
FN:307,(anonymous_31)
FN:317,getClaimsPerDay
FN:323,(anonymous_33)
FN:331,(anonymous_34)
FN:338,(anonymous_35)
FNF:35
FNH:28
FNDA:1,_interopRequireWildcard
FNDA:4,_interopRequireDefault
FNDA:1,(anonymous_3)
FNDA:7,MeController
FNDA:24,(anonymous_5)
FNDA:7,(anonymous_6)
FNDA:9,init
FNDA:9,getClaims
FNDA:3,(anonymous_9)
FNDA:1,(anonymous_10)
FNDA:0,(anonymous_11)
FNDA:0,(anonymous_12)
FNDA:9,getLatestClaimedTower
FNDA:1,(anonymous_14)
FNDA:0,(anonymous_15)
FNDA:0,(anonymous_16)
FNDA:0,(anonymous_17)
FNDA:3,getClaimsPerHour
FNDA:3,(anonymous_19)
FNDA:3,(anonymous_20)
FNDA:0,paginate
FNDA:0,sortBy
FNDA:0,(anonymous_23)
FNDA:3,getClaimsPerWeekDay
FNDA:3,(anonymous_25)
FNDA:3,(anonymous_26)
FNDA:2,(anonymous_27)
FNDA:3,getDaysWithMostClaims
FNDA:3,(anonymous_29)
FNDA:1,(anonymous_30)
FNDA:2,(anonymous_31)
FNDA:3,getClaimsPerDay
FNDA:3,(anonymous_33)
FNDA:0,(anonymous_34)
FNDA:21,(anonymous_35)
DA:0,134
DA:1,1
DA:2,1
DA:5,7
DA:6,7
DA:8,7
DA:9,7
DA:10,7
DA:11,7
DA:13,7
DA:14,7
DA:17,7
DA:18,7
DA:19,7
DA:20,7
DA:21,7
DA:22,7
DA:23,7
DA:25,7
DA:32,7
DA:91,24
DA:93,7
DA:97,9
DA:98,9
DA:102,9
DA:103,9
DA:105,3
DA:107,1
DA:108,1
DA:110,0
DA:112,3
DA:113,3
DA:114,3
DA:115,3
DA:117,0
DA:121,9
DA:122,9
DA:125,1
DA:126,1
DA:129,0
DA:131,0
DA:133,0
DA:134,0
DA:137,0
DA:138,0
DA:141,0
DA:142,0
DA:143,0
DA:145,0
DA:147,0
DA:152,3
DA:153,3
DA:156,3
DA:157,3
DA:158,3
DA:161,3
DA:165,3
DA:166,72
DA:168,72
DA:169,3
DA:171,72
DA:174,3
DA:179,0
DA:180,0
DA:181,0
DA:182,0
DA:183,0
DA:188,0
DA:189,0
DA:191,0
DA:192,0
DA:193,0
DA:194,0
DA:198,0
DA:203,3
DA:204,3
DA:205,3
DA:206,3
DA:208,3
DA:211,3
DA:212,3
DA:216,3
DA:218,3
DA:220,3
DA:224,3
DA:225,3
DA:227,3
DA:228,3
DA:229,3
DA:232,3
DA:233,3
DA:235,3
DA:237,3
DA:239,3
DA:240,2
DA:241,2
DA:247,3
DA:249,3
DA:252,3
DA:253,3
DA:254,3
DA:256,0
DA:257,0
DA:261,3
DA:262,0
DA:265,3
DA:268,3
DA:269,21
DA:270,0
DA:272,21
DA:276,3
DA:277,3
LF:112
LH:83
BRDA:27,1,0,0
BRDA:27,1,1,1
BRDA:27,2,0,1
BRDA:27,2,1,1
BRDA:27,3,0,1
BRDA:27,3,1,0
BRDA:27,4,0,134
BRDA:27,4,1,0
BRDA:29,5,0,3
BRDA:29,5,1,1
BRDA:29,6,0,4
BRDA:29,6,1,4
BRDA:170,7,0,1
BRDA:170,7,1,0
BRDA:219,8,0,3
BRDA:219,8,1,69
BRDA:238,9,0,0
BRDA:238,9,1,0
BRDA:249,10,0,0
BRDA:249,10,1,0
BRDA:251,11,0,0
BRDA:251,11,1,0
BRDA:324,12,0,3
BRDA:324,12,1,0
BRDA:339,13,0,0
BRDA:339,13,1,21
BRF:26
BRH:17
end_of_record
TN:
SF:/var/www/html/webpack/client/app/filters/filters.js
FN:19,_interopRequireDefault
FNF:1
FNH:1
FNDA:3,_interopRequireDefault
DA:0,3
DA:1,1
DA:2,1
DA:3,1
DA:5,1
LF:5
LH:5
BRDA:19,1,0,3
BRDA:19,1,1,0
BRDA:19,2,0,3
BRDA:19,2,1,3
BRF:4
BRH:4
end_of_record
TN:
SF:/var/www/html/webpack/client/app/filters/date-to-iso.filter.js
FN:6,dateToIso
FN:7,(anonymous_2)
FNF:2
FNH:0
FNDA:0,dateToIso
FNDA:0,(anonymous_2)
DA:0,1
DA:1,1
DA:2,0
DA:3,0
DA:4,0
LF:5
LH:2
BRF:0
BRH:0
end_of_record
TN:
SF:/var/www/html/webpack/client/app/filters/filter-moons.filter.js
FN:7,filterMoons
FN:10,(anonymous_2)
FN:16,(anonymous_3)
FNF:3
FNH:0
FNDA:0,filterMoons
FNDA:0,(anonymous_2)
FNDA:0,(anonymous_3)
DA:0,1
DA:2,1
DA:3,0
DA:4,0
DA:6,0
DA:7,0
DA:9,0
DA:11,0
DA:12,0
DA:13,0
DA:17,0
LF:11
LH:2
BRDA:12,1,0,0
BRDA:12,1,1,0
BRDA:17,2,0,0
BRDA:17,2,1,0
BRF:4
BRH:0
end_of_record
TN:
SF:/var/www/html/webpack/client/app/filters/valid-date.filter.js
FN:7,validDate
FN:10,(anonymous_2)
FNF:2
FNH:0
FNDA:0,validDate
FNDA:0,(anonymous_2)
DA:0,1
DA:2,1
DA:3,0
DA:4,0
DA:5,0
DA:6,0
DA:8,0
LF:7
LH:2
BRDA:11,1,0,0
BRDA:11,1,1,0
BRF:2
BRH:0
end_of_record
TN:
SF:/var/www/html/webpack/client/app/components/tower/tower.js
FN:35,_interopRequireDefault
FN:37,(anonymous_2)
FNF:2
FNH:2
FNDA:7,_interopRequireDefault
FNDA:10,(anonymous_2)
DA:0,7
DA:1,1
DA:2,1
DA:3,1
DA:4,1
DA:5,1
DA:6,1
DA:7,1
DA:9,1
DA:16,10
DA:17,10
LF:11
LH:11
BRDA:35,1,0,3
BRDA:35,1,1,4
BRDA:35,2,0,7
BRDA:35,2,1,7
BRF:4
BRH:4
end_of_record
TN:
SF:/var/www/html/webpack/client/app/components/tower/tower.component.js
FN:17,_interopRequireDefault
FNF:1
FNH:1
FNDA:2,_interopRequireDefault
DA:0,2
DA:1,1
DA:2,1
DA:3,1
DA:5,1
LF:5
LH:5
BRDA:17,1,0,1
BRDA:17,1,1,1
BRDA:17,2,0,2
BRDA:17,2,1,2
BRF:4
BRH:4
end_of_record
TN:
SF:/var/www/html/webpack/client/app/components/tower/tower.controller.js
FN:15,_interopRequireDefault
FN:17,(anonymous_2)
FN:19,TowerController
FN:38,(anonymous_4)
FN:40,(anonymous_5)
FN:47,init
FN:53,findTower
FN:56,(anonymous_8)
FN:61,(anonymous_9)
FN:83,getLog
FN:86,(anonymous_11)
FN:88,(anonymous_12)
FN:93,(anonymous_13)
FN:101,(anonymous_14)
FNF:14
FNH:13
FNDA:2,_interopRequireDefault
FNDA:1,(anonymous_2)
FNDA:10,TowerController
FNDA:26,(anonymous_4)
FNDA:10,(anonymous_5)
FNDA:10,init
FNDA:13,findTower
FNDA:1,(anonymous_8)
FNDA:2,(anonymous_9)
FNDA:13,getLog
FNDA:3,(anonymous_11)
FNDA:15,(anonymous_12)
FNDA:10,(anonymous_13)
FNDA:0,(anonymous_14)
DA:0,2
DA:3,10
DA:4,10
DA:6,10
DA:7,10
DA:8,10
DA:9,10
DA:10,10
DA:12,10
DA:17,10
DA:19,26
DA:23,10
DA:24,10
DA:27,13
DA:28,13
DA:30,1
DA:31,1
DA:33,1
DA:36,2
DA:38,2
DA:39,2
DA:40,1
DA:46,0
DA:47,0
DA:48,0
DA:58,13
DA:59,13
DA:62,15
DA:65,3
DA:66,10
DA:67,9
DA:69,1
DA:72,3
DA:74,0
LF:34
LH:30
BRDA:15,1,0,2
BRDA:15,1,1,0
BRDA:15,2,0,2
BRDA:15,2,1,2
BRDA:64,3,0,2
BRDA:64,3,1,0
BRDA:65,4,0,1
BRDA:65,4,1,1
BRDA:71,5,0,0
BRDA:71,5,1,0
BRDA:72,6,0,0
BRDA:72,6,1,0
BRDA:94,7,0,1
BRDA:94,7,1,9
BRDA:95,8,0,8
BRDA:95,8,1,1
BRF:16
BRH:11
end_of_record
TN:
SF:/var/www/html/webpack/client/app/components/towers/towers.js
FN:33,_interopRequireDefault
FN:35,(anonymous_2)
FNF:2
FNH:2
FNDA:6,_interopRequireDefault
FNDA:5,(anonymous_2)
DA:0,6
DA:1,1
DA:2,1
DA:3,1
DA:4,1
DA:5,1
DA:6,1
DA:7,1
DA:9,1
DA:18,5
DA:19,5
LF:11
LH:11
BRDA:33,1,0,3
BRDA:33,1,1,3
BRDA:33,2,0,6
BRDA:33,2,1,6
BRF:4
BRH:4
end_of_record
TN:
SF:/var/www/html/webpack/client/app/components/towers/towers.component.js
FN:17,_interopRequireDefault
FNF:1
FNH:1
FNDA:2,_interopRequireDefault
DA:0,2
DA:1,1
DA:2,1
DA:3,1
DA:5,1
LF:5
LH:5
BRDA:17,1,0,1
BRDA:17,1,1,1
BRDA:17,2,0,2
BRDA:17,2,1,2
BRF:4
BRH:4
end_of_record
TN:
SF:/var/www/html/webpack/client/app/components/towers/towers.controller.js
FN:15,_interopRequireDefault
FN:17,(anonymous_2)
FN:18,TowerController
FN:31,init
FN:36,getTowers
FN:39,(anonymous_6)
FN:41,(anonymous_7)
FN:46,(anonymous_8)
FNF:8
FNH:5
FNDA:2,_interopRequireDefault
FNDA:1,(anonymous_2)
FNDA:4,TowerController
FNDA:4,init
FNDA:4,getTowers
FNDA:0,(anonymous_6)
FNDA:0,(anonymous_7)
FNDA:0,(anonymous_8)
DA:0,2
DA:2,4
DA:3,4
DA:5,4
DA:7,4
DA:9,4
DA:13,4
DA:16,4
DA:17,4
DA:19,0
DA:20,0
DA:21,0
DA:22,0
DA:24,0
DA:26,0
LF:15
LH:9
BRDA:15,1,0,2
BRDA:15,1,1,0
BRDA:15,2,0,2
BRDA:15,2,1,2
BRDA:42,3,0,0
BRDA:42,3,1,0
BRF:6
BRH:4
end_of_record
